{"C:\\Users\\Aisyah Rahmasari\\nexus-it-platform\\backend\\src\\config\\database.js": {"path":"C:\\Users\\Aisyah Rahmasari\\nexus-it-platform\\backend\\src\\config\\database.js","statementMap":{"0":{"start":{"line":1,"column":22},"end":{"line":1,"column":42}},"1":{"start":{"line":3,"column":18},"end":{"line":22,"column":2}},"2":{"start":{"line":24,"column":0},"end":{"line":24,"column":27}}},"fnMap":{},"branchMap":{},"s":{"0":0,"1":0,"2":0},"f":{},"b":{}}
,"C:\\Users\\Aisyah Rahmasari\\nexus-it-platform\\backend\\src\\config\\email.js": {"path":"C:\\Users\\Aisyah Rahmasari\\nexus-it-platform\\backend\\src\\config\\email.js","statementMap":{},"fnMap":{},"branchMap":{},"s":{},"f":{},"b":{}}
,"C:\\Users\\Aisyah Rahmasari\\nexus-it-platform\\backend\\src\\controllers\\asset.controller.js": {"path":"C:\\Users\\Aisyah Rahmasari\\nexus-it-platform\\backend\\src\\controllers\\asset.controller.js","statementMap":{"0":{"start":{"line":1,"column":25},"end":{"line":1,"column":57}},"1":{"start":{"line":2,"column":43},"end":{"line":2,"column":71}},"2":{"start":{"line":3,"column":15},"end":{"line":3,"column":32}},"3":{"start":{"line":4,"column":11},"end":{"line":4,"column":24}},"4":{"start":{"line":5,"column":13},"end":{"line":5,"column":28}},"5":{"start":{"line":6,"column":27},"end":{"line":6,"column":52}},"6":{"start":{"line":8,"column":17},"end":{"line":11,"column":1}},"7":{"start":{"line":16,"column":26},"end":{"line":35,"column":1}},"8":{"start":{"line":17,"column":19},"end":{"line":24,"column":3}},"9":{"start":{"line":25,"column":17},"end":{"line":25,"column":44}},"10":{"start":{"line":26,"column":15},"end":{"line":26,"column":39}},"11":{"start":{"line":29,"column":20},"end":{"line":31,"column":48}},"12":{"start":{"line":33,"column":17},"end":{"line":33,"column":58}},"13":{"start":{"line":34,"column":2},"end":{"line":34,"column":38}},"14":{"start":{"line":40,"column":20},"end":{"line":82,"column":1}},"15":{"start":{"line":41,"column":2},"end":{"line":81,"column":3}},"16":{"start":{"line":42,"column":87},"end":{"line":42,"column":95}},"17":{"start":{"line":44,"column":4},"end":{"line":46,"column":5}},"18":{"start":{"line":45,"column":6},"end":{"line":45,"column":70}},"19":{"start":{"line":48,"column":22},"end":{"line":48,"column":55}},"20":{"start":{"line":50,"column":28},"end":{"line":65,"column":15}},"21":{"start":{"line":67,"column":4},"end":{"line":67,"column":26}},"22":{"start":{"line":67,"column":15},"end":{"line":67,"column":26}},"23":{"start":{"line":70,"column":4},"end":{"line":75,"column":5}},"24":{"start":{"line":77,"column":4},"end":{"line":77,"column":84}},"25":{"start":{"line":79,"column":4},"end":{"line":79,"column":46}},"26":{"start":{"line":80,"column":4},"end":{"line":80,"column":63}},"27":{"start":{"line":87,"column":18},"end":{"line":122,"column":1}},"28":{"start":{"line":88,"column":2},"end":{"line":121,"column":3}},"29":{"start":{"line":89,"column":63},"end":{"line":89,"column":72}},"30":{"start":{"line":91,"column":16},"end":{"line":96,"column":28}},"31":{"start":{"line":98,"column":4},"end":{"line":98,"column":56}},"32":{"start":{"line":98,"column":18},"end":{"line":98,"column":56}},"33":{"start":{"line":99,"column":4},"end":{"line":99,"column":50}},"34":{"start":{"line":99,"column":16},"end":{"line":99,"column":50}},"35":{"start":{"line":100,"column":4},"end":{"line":100,"column":58}},"36":{"start":{"line":100,"column":16},"end":{"line":100,"column":58}},"37":{"start":{"line":102,"column":17},"end":{"line":102,"column":35}},"38":{"start":{"line":103,"column":15},"end":{"line":103,"column":31}},"39":{"start":{"line":105,"column":35},"end":{"line":107,"column":22}},"40":{"start":{"line":109,"column":4},"end":{"line":109,"column":26}},"41":{"start":{"line":109,"column":15},"end":{"line":109,"column":26}},"42":{"start":{"line":111,"column":4},"end":{"line":118,"column":6}},"43":{"start":{"line":120,"column":4},"end":{"line":120,"column":65}},"44":{"start":{"line":124,"column":21},"end":{"line":146,"column":1}},"45":{"start":{"line":125,"column":2},"end":{"line":145,"column":3}},"46":{"start":{"line":126,"column":19},"end":{"line":126,"column":29}},"47":{"start":{"line":129,"column":28},"end":{"line":133,"column":15}},"48":{"start":{"line":135,"column":4},"end":{"line":138,"column":5}},"49":{"start":{"line":136,"column":6},"end":{"line":136,"column":55}},"50":{"start":{"line":137,"column":6},"end":{"line":137,"column":63}},"51":{"start":{"line":141,"column":4},"end":{"line":141,"column":49}},"52":{"start":{"line":143,"column":4},"end":{"line":143,"column":50}},"53":{"start":{"line":144,"column":4},"end":{"line":144,"column":68}},"54":{"start":{"line":151,"column":20},"end":{"line":181,"column":1}},"55":{"start":{"line":152,"column":2},"end":{"line":180,"column":3}},"56":{"start":{"line":153,"column":19},"end":{"line":153,"column":29}},"57":{"start":{"line":154,"column":23},"end":{"line":154,"column":38}},"58":{"start":{"line":156,"column":4},"end":{"line":158,"column":5}},"59":{"start":{"line":157,"column":6},"end":{"line":157,"column":42}},"60":{"start":{"line":160,"column":28},"end":{"line":165,"column":15}},"61":{"start":{"line":167,"column":4},"end":{"line":167,"column":26}},"62":{"start":{"line":167,"column":15},"end":{"line":167,"column":26}},"63":{"start":{"line":170,"column":4},"end":{"line":175,"column":5}},"64":{"start":{"line":177,"column":4},"end":{"line":177,"column":78}},"65":{"start":{"line":179,"column":4},"end":{"line":179,"column":62}},"66":{"start":{"line":186,"column":22},"end":{"line":202,"column":1}},"67":{"start":{"line":187,"column":2},"end":{"line":201,"column":3}},"68":{"start":{"line":188,"column":39},"end":{"line":188,"column":95}},"69":{"start":{"line":189,"column":4},"end":{"line":189,"column":26}},"70":{"start":{"line":189,"column":15},"end":{"line":189,"column":26}},"71":{"start":{"line":191,"column":18},"end":{"line":196,"column":5}},"72":{"start":{"line":193,"column":36},"end":{"line":193,"column":57}},"73":{"start":{"line":194,"column":41},"end":{"line":194,"column":67}},"74":{"start":{"line":195,"column":37},"end":{"line":195,"column":59}},"75":{"start":{"line":198,"column":4},"end":{"line":198,"column":42}},"76":{"start":{"line":200,"column":4},"end":{"line":200,"column":70}},"77":{"start":{"line":207,"column":23},"end":{"line":242,"column":1}},"78":{"start":{"line":208,"column":2},"end":{"line":241,"column":3}},"79":{"start":{"line":209,"column":19},"end":{"line":209,"column":29}},"80":{"start":{"line":212,"column":35},"end":{"line":216,"column":15}},"81":{"start":{"line":218,"column":4},"end":{"line":218,"column":81}},"82":{"start":{"line":218,"column":25},"end":{"line":218,"column":81}},"83":{"start":{"line":222,"column":24},"end":{"line":222,"column":75}},"84":{"start":{"line":223,"column":20},"end":{"line":223,"column":55}},"85":{"start":{"line":225,"column":21},"end":{"line":232,"column":6}},"86":{"start":{"line":234,"column":4},"end":{"line":236,"column":6}},"87":{"start":{"line":239,"column":4},"end":{"line":239,"column":37}},"88":{"start":{"line":240,"column":4},"end":{"line":240,"column":60}},"89":{"start":{"line":247,"column":20},"end":{"line":275,"column":1}},"90":{"start":{"line":248,"column":2},"end":{"line":274,"column":3}},"91":{"start":{"line":249,"column":19},"end":{"line":249,"column":29}},"92":{"start":{"line":252,"column":28},"end":{"line":252,"column":100}},"93":{"start":{"line":254,"column":22},"end":{"line":257,"column":19}},"94":{"start":{"line":259,"column":4},"end":{"line":259,"column":26}},"95":{"start":{"line":259,"column":15},"end":{"line":259,"column":26}},"96":{"start":{"line":262,"column":4},"end":{"line":269,"column":5}},"97":{"start":{"line":263,"column":6},"end":{"line":268,"column":7}},"98":{"start":{"line":271,"column":4},"end":{"line":271,"column":64}},"99":{"start":{"line":273,"column":4},"end":{"line":273,"column":60}},"100":{"start":{"line":277,"column":0},"end":{"line":285,"column":1}}},"fnMap":{"0":{"name":"(anonymous_0)","decl":{"start":{"line":16,"column":26},"end":{"line":16,"column":27}},"loc":{"start":{"line":16,"column":46},"end":{"line":35,"column":1}},"line":16},"1":{"name":"(anonymous_1)","decl":{"start":{"line":40,"column":20},"end":{"line":40,"column":21}},"loc":{"start":{"line":40,"column":40},"end":{"line":82,"column":1}},"line":40},"2":{"name":"(anonymous_2)","decl":{"start":{"line":87,"column":18},"end":{"line":87,"column":19}},"loc":{"start":{"line":87,"column":38},"end":{"line":122,"column":1}},"line":87},"3":{"name":"(anonymous_3)","decl":{"start":{"line":124,"column":21},"end":{"line":124,"column":22}},"loc":{"start":{"line":124,"column":41},"end":{"line":146,"column":1}},"line":124},"4":{"name":"(anonymous_4)","decl":{"start":{"line":151,"column":20},"end":{"line":151,"column":21}},"loc":{"start":{"line":151,"column":40},"end":{"line":181,"column":1}},"line":151},"5":{"name":"(anonymous_5)","decl":{"start":{"line":186,"column":22},"end":{"line":186,"column":23}},"loc":{"start":{"line":186,"column":42},"end":{"line":202,"column":1}},"line":186},"6":{"name":"(anonymous_6)","decl":{"start":{"line":193,"column":31},"end":{"line":193,"column":32}},"loc":{"start":{"line":193,"column":36},"end":{"line":193,"column":57}},"line":193},"7":{"name":"(anonymous_7)","decl":{"start":{"line":194,"column":36},"end":{"line":194,"column":37}},"loc":{"start":{"line":194,"column":41},"end":{"line":194,"column":67}},"line":194},"8":{"name":"(anonymous_8)","decl":{"start":{"line":195,"column":32},"end":{"line":195,"column":33}},"loc":{"start":{"line":195,"column":37},"end":{"line":195,"column":59}},"line":195},"9":{"name":"(anonymous_9)","decl":{"start":{"line":207,"column":23},"end":{"line":207,"column":24}},"loc":{"start":{"line":207,"column":43},"end":{"line":242,"column":1}},"line":207},"10":{"name":"(anonymous_10)","decl":{"start":{"line":247,"column":20},"end":{"line":247,"column":21}},"loc":{"start":{"line":247,"column":40},"end":{"line":275,"column":1}},"line":247}},"branchMap":{"0":{"loc":{"start":{"line":25,"column":17},"end":{"line":25,"column":44}},"type":"binary-expr","locations":[{"start":{"line":25,"column":17},"end":{"line":25,"column":35}},{"start":{"line":25,"column":39},"end":{"line":25,"column":44}}],"line":25},"1":{"loc":{"start":{"line":33,"column":25},"end":{"line":33,"column":35}},"type":"binary-expr","locations":[{"start":{"line":33,"column":25},"end":{"line":33,"column":30}},{"start":{"line":33,"column":34},"end":{"line":33,"column":35}}],"line":33},"2":{"loc":{"start":{"line":44,"column":4},"end":{"line":46,"column":5}},"type":"if","locations":[{"start":{"line":44,"column":4},"end":{"line":46,"column":5}},{"start":{},"end":{}}],"line":44},"3":{"loc":{"start":{"line":44,"column":8},"end":{"line":44,"column":26}},"type":"binary-expr","locations":[{"start":{"line":44,"column":8},"end":{"line":44,"column":13}},{"start":{"line":44,"column":17},"end":{"line":44,"column":26}}],"line":44},"4":{"loc":{"start":{"line":60,"column":19},"end":{"line":60,"column":38}},"type":"binary-expr","locations":[{"start":{"line":60,"column":19},"end":{"line":60,"column":28}},{"start":{"line":60,"column":32},"end":{"line":60,"column":38}}],"line":60},"5":{"loc":{"start":{"line":62,"column":15},"end":{"line":62,"column":50}},"type":"cond-expr","locations":[{"start":{"line":62,"column":26},"end":{"line":62,"column":43}},{"start":{"line":62,"column":46},"end":{"line":62,"column":50}}],"line":62},"6":{"loc":{"start":{"line":67,"column":4},"end":{"line":67,"column":26}},"type":"if","locations":[{"start":{"line":67,"column":4},"end":{"line":67,"column":26}},{"start":{},"end":{}}],"line":67},"7":{"loc":{"start":{"line":89,"column":38},"end":{"line":89,"column":46}},"type":"default-arg","locations":[{"start":{"line":89,"column":45},"end":{"line":89,"column":46}}],"line":89},"8":{"loc":{"start":{"line":89,"column":48},"end":{"line":89,"column":58}},"type":"default-arg","locations":[{"start":{"line":89,"column":56},"end":{"line":89,"column":58}}],"line":89},"9":{"loc":{"start":{"line":98,"column":4},"end":{"line":98,"column":56}},"type":"if","locations":[{"start":{"line":98,"column":4},"end":{"line":98,"column":56}},{"start":{},"end":{}}],"line":98},"10":{"loc":{"start":{"line":99,"column":4},"end":{"line":99,"column":50}},"type":"if","locations":[{"start":{"line":99,"column":4},"end":{"line":99,"column":50}},{"start":{},"end":{}}],"line":99},"11":{"loc":{"start":{"line":100,"column":4},"end":{"line":100,"column":58}},"type":"if","locations":[{"start":{"line":100,"column":4},"end":{"line":100,"column":58}},{"start":{},"end":{}}],"line":100},"12":{"loc":{"start":{"line":109,"column":4},"end":{"line":109,"column":26}},"type":"if","locations":[{"start":{"line":109,"column":4},"end":{"line":109,"column":26}},{"start":{},"end":{}}],"line":109},"13":{"loc":{"start":{"line":135,"column":4},"end":{"line":138,"column":5}},"type":"if","locations":[{"start":{"line":135,"column":4},"end":{"line":138,"column":5}},{"start":{},"end":{}}],"line":135},"14":{"loc":{"start":{"line":135,"column":8},"end":{"line":135,"column":22}},"type":"binary-expr","locations":[{"start":{"line":135,"column":8},"end":{"line":135,"column":13}},{"start":{"line":135,"column":17},"end":{"line":135,"column":22}}],"line":135},"15":{"loc":{"start":{"line":156,"column":4},"end":{"line":158,"column":5}},"type":"if","locations":[{"start":{"line":156,"column":4},"end":{"line":158,"column":5}},{"start":{},"end":{}}],"line":156},"16":{"loc":{"start":{"line":167,"column":4},"end":{"line":167,"column":26}},"type":"if","locations":[{"start":{"line":167,"column":4},"end":{"line":167,"column":26}},{"start":{},"end":{}}],"line":167},"17":{"loc":{"start":{"line":189,"column":4},"end":{"line":189,"column":26}},"type":"if","locations":[{"start":{"line":189,"column":4},"end":{"line":189,"column":26}},{"start":{},"end":{}}],"line":189},"18":{"loc":{"start":{"line":218,"column":4},"end":{"line":218,"column":81}},"type":"if","locations":[{"start":{"line":218,"column":4},"end":{"line":218,"column":81}},{"start":{},"end":{}}],"line":218},"19":{"loc":{"start":{"line":218,"column":8},"end":{"line":218,"column":23}},"type":"binary-expr","locations":[{"start":{"line":218,"column":8},"end":{"line":218,"column":13}},{"start":{"line":218,"column":17},"end":{"line":218,"column":23}}],"line":218},"20":{"loc":{"start":{"line":222,"column":24},"end":{"line":222,"column":75}},"type":"binary-expr","locations":[{"start":{"line":222,"column":24},"end":{"line":222,"column":48}},{"start":{"line":222,"column":52},"end":{"line":222,"column":75}}],"line":222},"21":{"loc":{"start":{"line":259,"column":4},"end":{"line":259,"column":26}},"type":"if","locations":[{"start":{"line":259,"column":4},"end":{"line":259,"column":26}},{"start":{},"end":{}}],"line":259},"22":{"loc":{"start":{"line":262,"column":4},"end":{"line":269,"column":5}},"type":"if","locations":[{"start":{"line":262,"column":4},"end":{"line":269,"column":5}},{"start":{},"end":{}}],"line":262}},"s":{"0":2,"1":2,"2":2,"3":2,"4":2,"5":2,"6":2,"7":2,"8":0,"9":0,"10":0,"11":0,"12":0,"13":0,"14":2,"15":0,"16":0,"17":0,"18":0,"19":0,"20":0,"21":0,"22":0,"23":0,"24":0,"25":0,"26":0,"27":2,"28":0,"29":0,"30":0,"31":0,"32":0,"33":0,"34":0,"35":0,"36":0,"37":0,"38":0,"39":0,"40":0,"41":0,"42":0,"43":0,"44":2,"45":0,"46":0,"47":0,"48":0,"49":0,"50":0,"51":0,"52":0,"53":0,"54":2,"55":0,"56":0,"57":0,"58":0,"59":0,"60":0,"61":0,"62":0,"63":0,"64":0,"65":0,"66":2,"67":0,"68":0,"69":0,"70":0,"71":0,"72":0,"73":0,"74":0,"75":0,"76":0,"77":2,"78":0,"79":0,"80":0,"81":0,"82":0,"83":0,"84":0,"85":0,"86":0,"87":0,"88":0,"89":2,"90":0,"91":0,"92":0,"93":0,"94":0,"95":0,"96":0,"97":0,"98":0,"99":0,"100":2},"f":{"0":0,"1":0,"2":0,"3":0,"4":0,"5":0,"6":0,"7":0,"8":0,"9":0,"10":0},"b":{"0":[0,0],"1":[0,0],"2":[0,0],"3":[0,0],"4":[0,0],"5":[0,0],"6":[0,0],"7":[0],"8":[0],"9":[0,0],"10":[0,0],"11":[0,0],"12":[0,0],"13":[0,0],"14":[0,0],"15":[0,0],"16":[0,0],"17":[0,0],"18":[0,0],"19":[0,0],"20":[0,0],"21":[0,0],"22":[0,0]},"_coverageSchema":"1a1c01bbd47fc00a2c39e90264f33305004495a9","hash":"76d6ba17ed13e593a4faedeed602208892faa03a"}
,"C:\\Users\\Aisyah Rahmasari\\nexus-it-platform\\backend\\src\\controllers\\auth.controller.js": {"path":"C:\\Users\\Aisyah Rahmasari\\nexus-it-platform\\backend\\src\\controllers\\auth.controller.js","statementMap":{"0":{"start":{"line":1,"column":25},"end":{"line":1,"column":57}},"1":{"start":{"line":2,"column":43},"end":{"line":2,"column":71}},"2":{"start":{"line":4,"column":17},"end":{"line":4,"column":81}},"3":{"start":{"line":6,"column":14},"end":{"line":33,"column":1}},"4":{"start":{"line":7,"column":2},"end":{"line":32,"column":3}},"5":{"start":{"line":8,"column":32},"end":{"line":8,"column":40}},"6":{"start":{"line":11,"column":49},"end":{"line":14,"column":6}},"7":{"start":{"line":16,"column":4},"end":{"line":16,"column":68}},"8":{"start":{"line":16,"column":19},"end":{"line":16,"column":68}},"9":{"start":{"line":19,"column":49},"end":{"line":23,"column":15}},"10":{"start":{"line":25,"column":4},"end":{"line":28,"column":27}},"11":{"start":{"line":31,"column":4},"end":{"line":31,"column":61}},"12":{"start":{"line":35,"column":14},"end":{"line":47,"column":1}},"13":{"start":{"line":36,"column":2},"end":{"line":46,"column":3}},"14":{"start":{"line":37,"column":34},"end":{"line":41,"column":15}},"15":{"start":{"line":43,"column":4},"end":{"line":43,"column":41}},"16":{"start":{"line":45,"column":4},"end":{"line":45,"column":64}},"17":{"start":{"line":49,"column":20},"end":{"line":62,"column":1}},"18":{"start":{"line":50,"column":2},"end":{"line":61,"column":3}},"19":{"start":{"line":51,"column":35},"end":{"line":54,"column":41}},"20":{"start":{"line":56,"column":4},"end":{"line":56,"column":26}},"21":{"start":{"line":56,"column":15},"end":{"line":56,"column":26}},"22":{"start":{"line":58,"column":4},"end":{"line":58,"column":42}},"23":{"start":{"line":60,"column":4},"end":{"line":60,"column":64}},"24":{"start":{"line":64,"column":0},"end":{"line":64,"column":46}}},"fnMap":{"0":{"name":"(anonymous_0)","decl":{"start":{"line":6,"column":14},"end":{"line":6,"column":15}},"loc":{"start":{"line":6,"column":34},"end":{"line":33,"column":1}},"line":6},"1":{"name":"(anonymous_1)","decl":{"start":{"line":35,"column":14},"end":{"line":35,"column":15}},"loc":{"start":{"line":35,"column":34},"end":{"line":47,"column":1}},"line":35},"2":{"name":"(anonymous_2)","decl":{"start":{"line":49,"column":20},"end":{"line":49,"column":21}},"loc":{"start":{"line":49,"column":40},"end":{"line":62,"column":1}},"line":49}},"branchMap":{"0":{"loc":{"start":{"line":16,"column":4},"end":{"line":16,"column":68}},"type":"if","locations":[{"start":{"line":16,"column":4},"end":{"line":16,"column":68}},{"start":{},"end":{}}],"line":16},"1":{"loc":{"start":{"line":27,"column":12},"end":{"line":27,"column":37}},"type":"binary-expr","locations":[{"start":{"line":27,"column":12},"end":{"line":27,"column":20}},{"start":{"line":27,"column":24},"end":{"line":27,"column":37}}],"line":27},"2":{"loc":{"start":{"line":56,"column":4},"end":{"line":56,"column":26}},"type":"if","locations":[{"start":{"line":56,"column":4},"end":{"line":56,"column":26}},{"start":{},"end":{}}],"line":56}},"s":{"0":2,"1":2,"2":2,"3":2,"4":3,"5":3,"6":3,"7":3,"8":1,"9":2,"10":2,"11":0,"12":2,"13":1,"14":1,"15":1,"16":0,"17":2,"18":0,"19":0,"20":0,"21":0,"22":0,"23":0,"24":2},"f":{"0":3,"1":1,"2":0},"b":{"0":[1,2],"1":[2,0],"2":[0,0]},"_coverageSchema":"1a1c01bbd47fc00a2c39e90264f33305004495a9","hash":"43a94cf77c4f4e4dea10579bed6f2dea61eae009"}
,"C:\\Users\\Aisyah Rahmasari\\nexus-it-platform\\backend\\src\\controllers\\report.controller.js": {"path":"C:\\Users\\Aisyah Rahmasari\\nexus-it-platform\\backend\\src\\controllers\\report.controller.js","statementMap":{"0":{"start":{"line":1,"column":25},"end":{"line":1,"column":57}},"1":{"start":{"line":2,"column":26},"end":{"line":2,"column":54}},"2":{"start":{"line":4,"column":17},"end":{"line":7,"column":1}},"3":{"start":{"line":12,"column":25},"end":{"line":47,"column":1}},"4":{"start":{"line":13,"column":2},"end":{"line":46,"column":3}},"5":{"start":{"line":14,"column":37},"end":{"line":17,"column":48}},"6":{"start":{"line":19,"column":4},"end":{"line":19,"column":26}},"7":{"start":{"line":19,"column":15},"end":{"line":19,"column":26}},"8":{"start":{"line":22,"column":21},"end":{"line":22,"column":71}},"9":{"start":{"line":25,"column":4},"end":{"line":35,"column":6}},"10":{"start":{"line":26,"column":18},"end":{"line":33,"column":17}},"11":{"start":{"line":34,"column":6},"end":{"line":34,"column":30}},"12":{"start":{"line":38,"column":4},"end":{"line":38,"column":45}},"13":{"start":{"line":39,"column":4},"end":{"line":39,"column":85}},"14":{"start":{"line":41,"column":4},"end":{"line":41,"column":43}},"15":{"start":{"line":44,"column":4},"end":{"line":44,"column":49}},"16":{"start":{"line":45,"column":4},"end":{"line":45,"column":63}},"17":{"start":{"line":52,"column":24},"end":{"line":90,"column":1}},"18":{"start":{"line":53,"column":2},"end":{"line":89,"column":3}},"19":{"start":{"line":54,"column":36},"end":{"line":57,"column":48}},"20":{"start":{"line":59,"column":4},"end":{"line":59,"column":26}},"21":{"start":{"line":59,"column":15},"end":{"line":59,"column":26}},"22":{"start":{"line":62,"column":21},"end":{"line":62,"column":103}},"23":{"start":{"line":65,"column":4},"end":{"line":78,"column":6}},"24":{"start":{"line":66,"column":18},"end":{"line":76,"column":17}},"25":{"start":{"line":77,"column":6},"end":{"line":77,"column":30}},"26":{"start":{"line":81,"column":4},"end":{"line":81,"column":45}},"27":{"start":{"line":82,"column":4},"end":{"line":82,"column":84}},"28":{"start":{"line":84,"column":4},"end":{"line":84,"column":43}},"29":{"start":{"line":87,"column":4},"end":{"line":87,"column":49}},"30":{"start":{"line":88,"column":4},"end":{"line":88,"column":68}},"31":{"start":{"line":92,"column":0},"end":{"line":92,"column":54}}},"fnMap":{"0":{"name":"(anonymous_0)","decl":{"start":{"line":12,"column":25},"end":{"line":12,"column":26}},"loc":{"start":{"line":12,"column":45},"end":{"line":47,"column":1}},"line":12},"1":{"name":"(anonymous_1)","decl":{"start":{"line":25,"column":20},"end":{"line":25,"column":21}},"loc":{"start":{"line":25,"column":25},"end":{"line":35,"column":5}},"line":25},"2":{"name":"(anonymous_2)","decl":{"start":{"line":52,"column":24},"end":{"line":52,"column":25}},"loc":{"start":{"line":52,"column":44},"end":{"line":90,"column":1}},"line":52},"3":{"name":"(anonymous_3)","decl":{"start":{"line":65,"column":19},"end":{"line":65,"column":20}},"loc":{"start":{"line":65,"column":24},"end":{"line":78,"column":5}},"line":65}},"branchMap":{"0":{"loc":{"start":{"line":19,"column":4},"end":{"line":19,"column":26}},"type":"if","locations":[{"start":{"line":19,"column":4},"end":{"line":19,"column":26}},{"start":{},"end":{}}],"line":19},"1":{"loc":{"start":{"line":59,"column":4},"end":{"line":59,"column":26}},"type":"if","locations":[{"start":{"line":59,"column":4},"end":{"line":59,"column":26}},{"start":{},"end":{}}],"line":59},"2":{"loc":{"start":{"line":70,"column":8},"end":{"line":70,"column":22}},"type":"binary-expr","locations":[{"start":{"line":70,"column":8},"end":{"line":70,"column":15}},{"start":{"line":70,"column":19},"end":{"line":70,"column":22}}],"line":70},"3":{"loc":{"start":{"line":71,"column":8},"end":{"line":71,"column":30}},"type":"binary-expr","locations":[{"start":{"line":71,"column":8},"end":{"line":71,"column":23}},{"start":{"line":71,"column":27},"end":{"line":71,"column":30}}],"line":71},"4":{"loc":{"start":{"line":72,"column":8},"end":{"line":72,"column":25}},"type":"binary-expr","locations":[{"start":{"line":72,"column":8},"end":{"line":72,"column":18}},{"start":{"line":72,"column":22},"end":{"line":72,"column":25}}],"line":72}},"s":{"0":2,"1":2,"2":2,"3":2,"4":0,"5":0,"6":0,"7":0,"8":0,"9":0,"10":0,"11":0,"12":0,"13":0,"14":0,"15":0,"16":0,"17":2,"18":0,"19":0,"20":0,"21":0,"22":0,"23":0,"24":0,"25":0,"26":0,"27":0,"28":0,"29":0,"30":0,"31":2},"f":{"0":0,"1":0,"2":0,"3":0},"b":{"0":[0,0],"1":[0,0],"2":[0,0],"3":[0,0],"4":[0,0]},"_coverageSchema":"1a1c01bbd47fc00a2c39e90264f33305004495a9","hash":"dae7638ace0941be02a2fc7b2af2fc9ac0ae9e4f"}
,"C:\\Users\\Aisyah Rahmasari\\nexus-it-platform\\backend\\src\\controllers\\ticket.controller.js": {"path":"C:\\Users\\Aisyah Rahmasari\\nexus-it-platform\\backend\\src\\controllers\\ticket.controller.js","statementMap":{"0":{"start":{"line":1,"column":25},"end":{"line":1,"column":57}},"1":{"start":{"line":2,"column":43},"end":{"line":2,"column":71}},"2":{"start":{"line":3,"column":27},"end":{"line":3,"column":52}},"3":{"start":{"line":5,"column":17},"end":{"line":8,"column":1}},"4":{"start":{"line":13,"column":27},"end":{"line":21,"column":1}},"5":{"start":{"line":14,"column":15},"end":{"line":14,"column":39}},"6":{"start":{"line":15,"column":20},"end":{"line":17,"column":48}},"7":{"start":{"line":19,"column":17},"end":{"line":19,"column":58}},"8":{"start":{"line":20,"column":2},"end":{"line":20,"column":32}},"9":{"start":{"line":26,"column":23},"end":{"line":36,"column":1}},"10":{"start":{"line":27,"column":16},"end":{"line":32,"column":3}},"11":{"start":{"line":33,"column":19},"end":{"line":33,"column":29}},"12":{"start":{"line":34,"column":2},"end":{"line":34,"column":66}},"13":{"start":{"line":35,"column":2},"end":{"line":35,"column":31}},"14":{"start":{"line":41,"column":22},"end":{"line":90,"column":1}},"15":{"start":{"line":42,"column":2},"end":{"line":89,"column":3}},"16":{"start":{"line":46,"column":8},"end":{"line":46,"column":17}},"17":{"start":{"line":48,"column":16},"end":{"line":54,"column":8}},"18":{"start":{"line":57,"column":4},"end":{"line":57,"column":50}},"19":{"start":{"line":57,"column":16},"end":{"line":57,"column":50}},"20":{"start":{"line":58,"column":4},"end":{"line":58,"column":56}},"21":{"start":{"line":58,"column":18},"end":{"line":58,"column":56}},"22":{"start":{"line":59,"column":4},"end":{"line":59,"column":56}},"23":{"start":{"line":59,"column":18},"end":{"line":59,"column":56}},"24":{"start":{"line":60,"column":4},"end":{"line":60,"column":59}},"25":{"start":{"line":60,"column":16},"end":{"line":60,"column":59}},"26":{"start":{"line":63,"column":4},"end":{"line":65,"column":5}},"27":{"start":{"line":64,"column":6},"end":{"line":64,"column":51}},"28":{"start":{"line":68,"column":17},"end":{"line":68,"column":35}},"29":{"start":{"line":69,"column":15},"end":{"line":69,"column":31}},"30":{"start":{"line":71,"column":35},"end":{"line":73,"column":22}},"31":{"start":{"line":75,"column":4},"end":{"line":75,"column":26}},"32":{"start":{"line":75,"column":15},"end":{"line":75,"column":26}},"33":{"start":{"line":77,"column":4},"end":{"line":84,"column":6}},"34":{"start":{"line":87,"column":4},"end":{"line":87,"column":48}},"35":{"start":{"line":88,"column":4},"end":{"line":88,"column":62}},"36":{"start":{"line":96,"column":22},"end":{"line":116,"column":1}},"37":{"start":{"line":97,"column":2},"end":{"line":115,"column":3}},"38":{"start":{"line":98,"column":19},"end":{"line":98,"column":29}},"39":{"start":{"line":99,"column":28},"end":{"line":107,"column":15}},"40":{"start":{"line":109,"column":4},"end":{"line":111,"column":5}},"41":{"start":{"line":110,"column":6},"end":{"line":110,"column":57}},"42":{"start":{"line":112,"column":4},"end":{"line":112,"column":49}},"43":{"start":{"line":114,"column":4},"end":{"line":114,"column":61}},"44":{"start":{"line":121,"column":26},"end":{"line":138,"column":1}},"45":{"start":{"line":122,"column":2},"end":{"line":137,"column":3}},"46":{"start":{"line":123,"column":28},"end":{"line":130,"column":48}},"47":{"start":{"line":132,"column":4},"end":{"line":132,"column":27}},"48":{"start":{"line":132,"column":15},"end":{"line":132,"column":27}},"49":{"start":{"line":134,"column":4},"end":{"line":134,"column":81}},"50":{"start":{"line":136,"column":4},"end":{"line":136,"column":61}},"51":{"start":{"line":143,"column":21},"end":{"line":190,"column":1}},"52":{"start":{"line":144,"column":2},"end":{"line":189,"column":3}},"53":{"start":{"line":145,"column":55},"end":{"line":145,"column":63}},"54":{"start":{"line":148,"column":4},"end":{"line":150,"column":5}},"55":{"start":{"line":149,"column":6},"end":{"line":149,"column":64}},"56":{"start":{"line":153,"column":4},"end":{"line":155,"column":5}},"57":{"start":{"line":154,"column":6},"end":{"line":154,"column":90}},"58":{"start":{"line":157,"column":23},"end":{"line":157,"column":49}},"59":{"start":{"line":158,"column":24},"end":{"line":158,"column":48}},"60":{"start":{"line":160,"column":28},"end":{"line":173,"column":15}},"61":{"start":{"line":175,"column":4},"end":{"line":175,"column":26}},"62":{"start":{"line":175,"column":15},"end":{"line":175,"column":26}},"63":{"start":{"line":178,"column":4},"end":{"line":183,"column":5}},"64":{"start":{"line":185,"column":4},"end":{"line":185,"column":86}},"65":{"start":{"line":187,"column":4},"end":{"line":187,"column":47}},"66":{"start":{"line":188,"column":4},"end":{"line":188,"column":62}},"67":{"start":{"line":196,"column":27},"end":{"line":245,"column":1}},"68":{"start":{"line":197,"column":2},"end":{"line":244,"column":3}},"69":{"start":{"line":198,"column":19},"end":{"line":198,"column":29}},"70":{"start":{"line":199,"column":32},"end":{"line":199,"column":40}},"71":{"start":{"line":201,"column":26},"end":{"line":201,"column":71}},"72":{"start":{"line":202,"column":4},"end":{"line":204,"column":5}},"73":{"start":{"line":203,"column":6},"end":{"line":203,"column":55}},"74":{"start":{"line":206,"column":23},"end":{"line":206,"column":71}},"75":{"start":{"line":208,"column":4},"end":{"line":210,"column":5}},"76":{"start":{"line":209,"column":6},"end":{"line":209,"column":55}},"77":{"start":{"line":212,"column":28},"end":{"line":217,"column":15}},"78":{"start":{"line":219,"column":4},"end":{"line":219,"column":26}},"79":{"start":{"line":219,"column":15},"end":{"line":219,"column":26}},"80":{"start":{"line":222,"column":4},"end":{"line":229,"column":5}},"81":{"start":{"line":223,"column":6},"end":{"line":228,"column":8}},"82":{"start":{"line":232,"column":4},"end":{"line":237,"column":5}},"83":{"start":{"line":239,"column":4},"end":{"line":240,"column":31}},"84":{"start":{"line":243,"column":4},"end":{"line":243,"column":69}},"85":{"start":{"line":250,"column":21},"end":{"line":273,"column":1}},"86":{"start":{"line":251,"column":2},"end":{"line":272,"column":3}},"87":{"start":{"line":252,"column":19},"end":{"line":252,"column":29}},"88":{"start":{"line":253,"column":28},"end":{"line":253,"column":36}},"89":{"start":{"line":255,"column":28},"end":{"line":264,"column":15}},"90":{"start":{"line":266,"column":4},"end":{"line":266,"column":26}},"91":{"start":{"line":266,"column":15},"end":{"line":266,"column":26}},"92":{"start":{"line":268,"column":4},"end":{"line":268,"column":69}},"93":{"start":{"line":271,"column":4},"end":{"line":271,"column":62}},"94":{"start":{"line":278,"column":25},"end":{"line":298,"column":1}},"95":{"start":{"line":279,"column":2},"end":{"line":297,"column":3}},"96":{"start":{"line":280,"column":19},"end":{"line":280,"column":29}},"97":{"start":{"line":282,"column":28},"end":{"line":289,"column":47}},"98":{"start":{"line":291,"column":4},"end":{"line":291,"column":26}},"99":{"start":{"line":291,"column":15},"end":{"line":291,"column":26}},"100":{"start":{"line":293,"column":4},"end":{"line":293,"column":50}},"101":{"start":{"line":296,"column":4},"end":{"line":296,"column":62}},"102":{"start":{"line":303,"column":24},"end":{"line":332,"column":1}},"103":{"start":{"line":304,"column":2},"end":{"line":331,"column":3}},"104":{"start":{"line":305,"column":19},"end":{"line":305,"column":29}},"105":{"start":{"line":306,"column":24},"end":{"line":306,"column":32}},"106":{"start":{"line":308,"column":4},"end":{"line":310,"column":5}},"107":{"start":{"line":309,"column":6},"end":{"line":309,"column":60}},"108":{"start":{"line":312,"column":28},"end":{"line":323,"column":15}},"109":{"start":{"line":325,"column":4},"end":{"line":325,"column":26}},"110":{"start":{"line":325,"column":15},"end":{"line":325,"column":26}},"111":{"start":{"line":327,"column":4},"end":{"line":327,"column":67}},"112":{"start":{"line":330,"column":4},"end":{"line":330,"column":60}},"113":{"start":{"line":337,"column":23},"end":{"line":370,"column":1}},"114":{"start":{"line":338,"column":2},"end":{"line":369,"column":3}},"115":{"start":{"line":339,"column":33},"end":{"line":342,"column":27}},"116":{"start":{"line":344,"column":39},"end":{"line":347,"column":34}},"117":{"start":{"line":349,"column":37},"end":{"line":352,"column":31}},"118":{"start":{"line":354,"column":36},"end":{"line":358,"column":51}},"119":{"start":{"line":360,"column":4},"end":{"line":365,"column":6}},"120":{"start":{"line":368,"column":4},"end":{"line":368,"column":60}},"121":{"start":{"line":372,"column":0},"end":{"line":382,"column":1}}},"fnMap":{"0":{"name":"(anonymous_0)","decl":{"start":{"line":13,"column":27},"end":{"line":13,"column":28}},"loc":{"start":{"line":13,"column":39},"end":{"line":21,"column":1}},"line":13},"1":{"name":"(anonymous_1)","decl":{"start":{"line":26,"column":23},"end":{"line":26,"column":24}},"loc":{"start":{"line":26,"column":37},"end":{"line":36,"column":1}},"line":26},"2":{"name":"(anonymous_2)","decl":{"start":{"line":41,"column":22},"end":{"line":41,"column":23}},"loc":{"start":{"line":41,"column":42},"end":{"line":90,"column":1}},"line":41},"3":{"name":"(anonymous_3)","decl":{"start":{"line":96,"column":22},"end":{"line":96,"column":23}},"loc":{"start":{"line":96,"column":42},"end":{"line":116,"column":1}},"line":96},"4":{"name":"(anonymous_4)","decl":{"start":{"line":121,"column":26},"end":{"line":121,"column":27}},"loc":{"start":{"line":121,"column":46},"end":{"line":138,"column":1}},"line":121},"5":{"name":"(anonymous_5)","decl":{"start":{"line":143,"column":21},"end":{"line":143,"column":22}},"loc":{"start":{"line":143,"column":41},"end":{"line":190,"column":1}},"line":143},"6":{"name":"(anonymous_6)","decl":{"start":{"line":196,"column":27},"end":{"line":196,"column":28}},"loc":{"start":{"line":196,"column":47},"end":{"line":245,"column":1}},"line":196},"7":{"name":"(anonymous_7)","decl":{"start":{"line":250,"column":21},"end":{"line":250,"column":22}},"loc":{"start":{"line":250,"column":41},"end":{"line":273,"column":1}},"line":250},"8":{"name":"(anonymous_8)","decl":{"start":{"line":278,"column":25},"end":{"line":278,"column":26}},"loc":{"start":{"line":278,"column":45},"end":{"line":298,"column":1}},"line":278},"9":{"name":"(anonymous_9)","decl":{"start":{"line":303,"column":24},"end":{"line":303,"column":25}},"loc":{"start":{"line":303,"column":44},"end":{"line":332,"column":1}},"line":303},"10":{"name":"(anonymous_10)","decl":{"start":{"line":337,"column":23},"end":{"line":337,"column":24}},"loc":{"start":{"line":337,"column":43},"end":{"line":370,"column":1}},"line":337}},"branchMap":{"0":{"loc":{"start":{"line":19,"column":25},"end":{"line":19,"column":35}},"type":"binary-expr","locations":[{"start":{"line":19,"column":25},"end":{"line":19,"column":30}},{"start":{"line":19,"column":34},"end":{"line":19,"column":35}}],"line":19},"1":{"loc":{"start":{"line":34,"column":43},"end":{"line":34,"column":64}},"type":"binary-expr","locations":[{"start":{"line":34,"column":43},"end":{"line":34,"column":58}},{"start":{"line":34,"column":62},"end":{"line":34,"column":64}}],"line":34},"2":{"loc":{"start":{"line":45,"column":14},"end":{"line":45,"column":22}},"type":"default-arg","locations":[{"start":{"line":45,"column":21},"end":{"line":45,"column":22}}],"line":45},"3":{"loc":{"start":{"line":45,"column":24},"end":{"line":45,"column":34}},"type":"default-arg","locations":[{"start":{"line":45,"column":32},"end":{"line":45,"column":34}}],"line":45},"4":{"loc":{"start":{"line":57,"column":4},"end":{"line":57,"column":50}},"type":"if","locations":[{"start":{"line":57,"column":4},"end":{"line":57,"column":50}},{"start":{},"end":{}}],"line":57},"5":{"loc":{"start":{"line":58,"column":4},"end":{"line":58,"column":56}},"type":"if","locations":[{"start":{"line":58,"column":4},"end":{"line":58,"column":56}},{"start":{},"end":{}}],"line":58},"6":{"loc":{"start":{"line":59,"column":4},"end":{"line":59,"column":56}},"type":"if","locations":[{"start":{"line":59,"column":4},"end":{"line":59,"column":56}},{"start":{},"end":{}}],"line":59},"7":{"loc":{"start":{"line":60,"column":4},"end":{"line":60,"column":59}},"type":"if","locations":[{"start":{"line":60,"column":4},"end":{"line":60,"column":59}},{"start":{},"end":{}}],"line":60},"8":{"loc":{"start":{"line":63,"column":4},"end":{"line":65,"column":5}},"type":"if","locations":[{"start":{"line":63,"column":4},"end":{"line":65,"column":5}},{"start":{},"end":{}}],"line":63},"9":{"loc":{"start":{"line":75,"column":4},"end":{"line":75,"column":26}},"type":"if","locations":[{"start":{"line":75,"column":4},"end":{"line":75,"column":26}},{"start":{},"end":{}}],"line":75},"10":{"loc":{"start":{"line":109,"column":4},"end":{"line":111,"column":5}},"type":"if","locations":[{"start":{"line":109,"column":4},"end":{"line":111,"column":5}},{"start":{},"end":{}}],"line":109},"11":{"loc":{"start":{"line":109,"column":8},"end":{"line":109,"column":22}},"type":"binary-expr","locations":[{"start":{"line":109,"column":8},"end":{"line":109,"column":13}},{"start":{"line":109,"column":17},"end":{"line":109,"column":22}}],"line":109},"12":{"loc":{"start":{"line":132,"column":4},"end":{"line":132,"column":27}},"type":"if","locations":[{"start":{"line":132,"column":4},"end":{"line":132,"column":27}},{"start":{},"end":{}}],"line":132},"13":{"loc":{"start":{"line":148,"column":4},"end":{"line":150,"column":5}},"type":"if","locations":[{"start":{"line":148,"column":4},"end":{"line":150,"column":5}},{"start":{},"end":{}}],"line":148},"14":{"loc":{"start":{"line":148,"column":8},"end":{"line":148,"column":56}},"type":"binary-expr","locations":[{"start":{"line":148,"column":8},"end":{"line":148,"column":14}},{"start":{"line":148,"column":18},"end":{"line":148,"column":27}},{"start":{"line":148,"column":31},"end":{"line":148,"column":40}},{"start":{"line":148,"column":44},"end":{"line":148,"column":56}}],"line":148},"15":{"loc":{"start":{"line":153,"column":4},"end":{"line":155,"column":5}},"type":"if","locations":[{"start":{"line":153,"column":4},"end":{"line":155,"column":5}},{"start":{},"end":{}}],"line":153},"16":{"loc":{"start":{"line":175,"column":4},"end":{"line":175,"column":26}},"type":"if","locations":[{"start":{"line":175,"column":4},"end":{"line":175,"column":26}},{"start":{},"end":{}}],"line":175},"17":{"loc":{"start":{"line":202,"column":4},"end":{"line":204,"column":5}},"type":"if","locations":[{"start":{"line":202,"column":4},"end":{"line":204,"column":5}},{"start":{},"end":{}}],"line":202},"18":{"loc":{"start":{"line":208,"column":4},"end":{"line":210,"column":5}},"type":"if","locations":[{"start":{"line":208,"column":4},"end":{"line":210,"column":5}},{"start":{},"end":{}}],"line":208},"19":{"loc":{"start":{"line":219,"column":4},"end":{"line":219,"column":26}},"type":"if","locations":[{"start":{"line":219,"column":4},"end":{"line":219,"column":26}},{"start":{},"end":{}}],"line":219},"20":{"loc":{"start":{"line":222,"column":4},"end":{"line":229,"column":5}},"type":"if","locations":[{"start":{"line":222,"column":4},"end":{"line":229,"column":5}},{"start":{},"end":{}}],"line":222},"21":{"loc":{"start":{"line":266,"column":4},"end":{"line":266,"column":26}},"type":"if","locations":[{"start":{"line":266,"column":4},"end":{"line":266,"column":26}},{"start":{},"end":{}}],"line":266},"22":{"loc":{"start":{"line":291,"column":4},"end":{"line":291,"column":26}},"type":"if","locations":[{"start":{"line":291,"column":4},"end":{"line":291,"column":26}},{"start":{},"end":{}}],"line":291},"23":{"loc":{"start":{"line":308,"column":4},"end":{"line":310,"column":5}},"type":"if","locations":[{"start":{"line":308,"column":4},"end":{"line":310,"column":5}},{"start":{},"end":{}}],"line":308},"24":{"loc":{"start":{"line":325,"column":4},"end":{"line":325,"column":26}},"type":"if","locations":[{"start":{"line":325,"column":4},"end":{"line":325,"column":26}},{"start":{},"end":{}}],"line":325},"25":{"loc":{"start":{"line":361,"column":12},"end":{"line":361,"column":26}},"type":"binary-expr","locations":[{"start":{"line":361,"column":12},"end":{"line":361,"column":21}},{"start":{"line":361,"column":25},"end":{"line":361,"column":26}}],"line":361},"26":{"loc":{"start":{"line":362,"column":19},"end":{"line":362,"column":39}},"type":"binary-expr","locations":[{"start":{"line":362,"column":19},"end":{"line":362,"column":34}},{"start":{"line":362,"column":38},"end":{"line":362,"column":39}}],"line":362},"27":{"loc":{"start":{"line":363,"column":16},"end":{"line":363,"column":34}},"type":"binary-expr","locations":[{"start":{"line":363,"column":16},"end":{"line":363,"column":29}},{"start":{"line":363,"column":33},"end":{"line":363,"column":34}}],"line":363},"28":{"loc":{"start":{"line":364,"column":15},"end":{"line":364,"column":32}},"type":"binary-expr","locations":[{"start":{"line":364,"column":15},"end":{"line":364,"column":27}},{"start":{"line":364,"column":31},"end":{"line":364,"column":32}}],"line":364}},"s":{"0":2,"1":2,"2":2,"3":2,"4":2,"5":1,"6":1,"7":1,"8":1,"9":2,"10":1,"11":1,"12":1,"13":1,"14":2,"15":1,"16":1,"17":1,"18":1,"19":0,"20":1,"21":0,"22":1,"23":0,"24":1,"25":0,"26":1,"27":0,"28":1,"29":1,"30":1,"31":1,"32":0,"33":1,"34":0,"35":0,"36":2,"37":1,"38":1,"39":1,"40":1,"41":0,"42":1,"43":0,"44":2,"45":0,"46":0,"47":0,"48":0,"49":0,"50":0,"51":2,"52":1,"53":1,"54":1,"55":0,"56":1,"57":0,"58":1,"59":1,"60":1,"61":1,"62":0,"63":1,"64":1,"65":0,"66":0,"67":2,"68":1,"69":1,"70":1,"71":1,"72":1,"73":0,"74":1,"75":1,"76":0,"77":1,"78":1,"79":0,"80":1,"81":1,"82":1,"83":1,"84":0,"85":2,"86":0,"87":0,"88":0,"89":0,"90":0,"91":0,"92":0,"93":0,"94":2,"95":0,"96":0,"97":0,"98":0,"99":0,"100":0,"101":0,"102":2,"103":0,"104":0,"105":0,"106":0,"107":0,"108":0,"109":0,"110":0,"111":0,"112":0,"113":2,"114":1,"115":1,"116":1,"117":1,"118":1,"119":1,"120":0,"121":2},"f":{"0":1,"1":1,"2":1,"3":1,"4":0,"5":1,"6":1,"7":0,"8":0,"9":0,"10":1},"b":{"0":[1,0],"1":[1,0],"2":[1],"3":[1],"4":[0,1],"5":[0,1],"6":[0,1],"7":[0,1],"8":[0,1],"9":[0,1],"10":[0,1],"11":[1,1],"12":[0,0],"13":[0,1],"14":[1,1,1,1],"15":[0,1],"16":[0,1],"17":[0,1],"18":[0,1],"19":[0,1],"20":[1,0],"21":[0,0],"22":[0,0],"23":[0,0],"24":[0,0],"25":[1,0],"26":[1,0],"27":[1,1],"28":[1,1]},"_coverageSchema":"1a1c01bbd47fc00a2c39e90264f33305004495a9","hash":"03a71fb8dc5c1ce37b20c8a7f8a5455852bdcdbe"}
,"C:\\Users\\Aisyah Rahmasari\\nexus-it-platform\\backend\\src\\controllers\\user.controller.js": {"path":"C:\\Users\\Aisyah Rahmasari\\nexus-it-platform\\backend\\src\\controllers\\user.controller.js","statementMap":{},"fnMap":{},"branchMap":{},"s":{},"f":{},"b":{}}
,"C:\\Users\\Aisyah Rahmasari\\nexus-it-platform\\backend\\src\\middleware\\auth.js": {"path":"C:\\Users\\Aisyah Rahmasari\\nexus-it-platform\\backend\\src\\middleware\\auth.js","statementMap":{"0":{"start":{"line":2,"column":25},"end":{"line":2,"column":57}},"1":{"start":{"line":3,"column":26},"end":{"line":3,"column":54}},"2":{"start":{"line":5,"column":17},"end":{"line":8,"column":1}},"3":{"start":{"line":10,"column":21},"end":{"line":40,"column":1}},"4":{"start":{"line":11,"column":2},"end":{"line":39,"column":3}},"5":{"start":{"line":12,"column":23},"end":{"line":12,"column":48}},"6":{"start":{"line":13,"column":4},"end":{"line":15,"column":5}},"7":{"start":{"line":14,"column":6},"end":{"line":14,"column":58}},"8":{"start":{"line":17,"column":18},"end":{"line":17,"column":42}},"9":{"start":{"line":20,"column":38},"end":{"line":20,"column":72}},"10":{"start":{"line":22,"column":4},"end":{"line":24,"column":5}},"11":{"start":{"line":23,"column":6},"end":{"line":23,"column":65}},"12":{"start":{"line":27,"column":31},"end":{"line":31,"column":15}},"13":{"start":{"line":33,"column":4},"end":{"line":33,"column":75}},"14":{"start":{"line":34,"column":4},"end":{"line":34,"column":10}},"15":{"start":{"line":37,"column":4},"end":{"line":37,"column":50}},"16":{"start":{"line":38,"column":4},"end":{"line":38,"column":60}},"17":{"start":{"line":42,"column":0},"end":{"line":42,"column":33}}},"fnMap":{"0":{"name":"(anonymous_0)","decl":{"start":{"line":10,"column":21},"end":{"line":10,"column":22}},"loc":{"start":{"line":10,"column":47},"end":{"line":40,"column":1}},"line":10}},"branchMap":{"0":{"loc":{"start":{"line":13,"column":4},"end":{"line":15,"column":5}},"type":"if","locations":[{"start":{"line":13,"column":4},"end":{"line":15,"column":5}},{"start":{},"end":{}}],"line":13},"1":{"loc":{"start":{"line":22,"column":4},"end":{"line":24,"column":5}},"type":"if","locations":[{"start":{"line":22,"column":4},"end":{"line":24,"column":5}},{"start":{},"end":{}}],"line":22},"2":{"loc":{"start":{"line":22,"column":8},"end":{"line":22,"column":22}},"type":"binary-expr","locations":[{"start":{"line":22,"column":8},"end":{"line":22,"column":13}},{"start":{"line":22,"column":17},"end":{"line":22,"column":22}}],"line":22},"3":{"loc":{"start":{"line":33,"column":15},"end":{"line":33,"column":75}},"type":"binary-expr","locations":[{"start":{"line":33,"column":15},"end":{"line":33,"column":23}},{"start":{"line":33,"column":27},"end":{"line":33,"column":75}}],"line":33}},"s":{"0":2,"1":2,"2":2,"3":2,"4":7,"5":7,"6":7,"7":1,"8":6,"9":6,"10":6,"11":0,"12":6,"13":6,"14":6,"15":0,"16":0,"17":2},"f":{"0":7},"b":{"0":[1,6],"1":[0,6],"2":[6,6],"3":[6,0]},"_coverageSchema":"1a1c01bbd47fc00a2c39e90264f33305004495a9","hash":"1ca3d84d5a3ddf4db13f9a49cddae7ee68e975f1"}
,"C:\\Users\\Aisyah Rahmasari\\nexus-it-platform\\backend\\src\\middleware\\rateLimiter.js": {"path":"C:\\Users\\Aisyah Rahmasari\\nexus-it-platform\\backend\\src\\middleware\\rateLimiter.js","statementMap":{"0":{"start":{"line":2,"column":18},"end":{"line":2,"column":47}},"1":{"start":{"line":5,"column":23},"end":{"line":12,"column":2}},"2":{"start":{"line":15,"column":20},"end":{"line":23,"column":2}},"3":{"start":{"line":25,"column":0},"end":{"line":25,"column":48}}},"fnMap":{},"branchMap":{},"s":{"0":2,"1":2,"2":2,"3":2},"f":{},"b":{},"_coverageSchema":"1a1c01bbd47fc00a2c39e90264f33305004495a9","hash":"1f293bba7707806e64eca9f7f50e0e4b8696787f"}
,"C:\\Users\\Aisyah Rahmasari\\nexus-it-platform\\backend\\src\\middleware\\rbac.js": {"path":"C:\\Users\\Aisyah Rahmasari\\nexus-it-platform\\backend\\src\\middleware\\rbac.js","statementMap":{"0":{"start":{"line":2,"column":26},"end":{"line":2,"column":54}},"1":{"start":{"line":4,"column":18},"end":{"line":16,"column":1}},"2":{"start":{"line":5,"column":2},"end":{"line":15,"column":3}},"3":{"start":{"line":6,"column":4},"end":{"line":8,"column":5}},"4":{"start":{"line":7,"column":6},"end":{"line":7,"column":58}},"5":{"start":{"line":10,"column":4},"end":{"line":12,"column":5}},"6":{"start":{"line":11,"column":6},"end":{"line":11,"column":54}},"7":{"start":{"line":14,"column":4},"end":{"line":14,"column":10}},"8":{"start":{"line":18,"column":0},"end":{"line":18,"column":30}}},"fnMap":{"0":{"name":"(anonymous_0)","decl":{"start":{"line":4,"column":18},"end":{"line":4,"column":19}},"loc":{"start":{"line":4,"column":32},"end":{"line":16,"column":1}},"line":4},"1":{"name":"(anonymous_1)","decl":{"start":{"line":5,"column":9},"end":{"line":5,"column":10}},"loc":{"start":{"line":5,"column":29},"end":{"line":15,"column":3}},"line":5}},"branchMap":{"0":{"loc":{"start":{"line":6,"column":4},"end":{"line":8,"column":5}},"type":"if","locations":[{"start":{"line":6,"column":4},"end":{"line":8,"column":5}},{"start":{},"end":{}}],"line":6},"1":{"loc":{"start":{"line":10,"column":4},"end":{"line":12,"column":5}},"type":"if","locations":[{"start":{"line":10,"column":4},"end":{"line":12,"column":5}},{"start":{},"end":{}}],"line":10}},"s":{"0":2,"1":2,"2":10,"3":0,"4":0,"5":0,"6":0,"7":0,"8":2},"f":{"0":10,"1":0},"b":{"0":[0,0],"1":[0,0]},"_coverageSchema":"1a1c01bbd47fc00a2c39e90264f33305004495a9","hash":"2d2a868e9f318f8b269e734756bbe60b3f03ac65"}
,"C:\\Users\\Aisyah Rahmasari\\nexus-it-platform\\backend\\src\\middleware\\system.auth.js": {"path":"C:\\Users\\Aisyah Rahmasari\\nexus-it-platform\\backend\\src\\middleware\\system.auth.js","statementMap":{"0":{"start":{"line":2,"column":26},"end":{"line":2,"column":54}},"1":{"start":{"line":4,"column":27},"end":{"line":24,"column":1}},"2":{"start":{"line":5,"column":16},"end":{"line":6,"column":44}},"3":{"start":{"line":8,"column":2},"end":{"line":13,"column":3}},"4":{"start":{"line":9,"column":4},"end":{"line":12,"column":6}},"5":{"start":{"line":16,"column":2},"end":{"line":21,"column":3}},"6":{"start":{"line":23,"column":2},"end":{"line":23,"column":8}},"7":{"start":{"line":26,"column":0},"end":{"line":26,"column":39}}},"fnMap":{"0":{"name":"(anonymous_0)","decl":{"start":{"line":4,"column":27},"end":{"line":4,"column":28}},"loc":{"start":{"line":4,"column":47},"end":{"line":24,"column":1}},"line":4}},"branchMap":{"0":{"loc":{"start":{"line":5,"column":16},"end":{"line":6,"column":44}},"type":"binary-expr","locations":[{"start":{"line":5,"column":16},"end":{"line":5,"column":45}},{"start":{"line":6,"column":4},"end":{"line":6,"column":44}}],"line":5},"1":{"loc":{"start":{"line":8,"column":2},"end":{"line":13,"column":3}},"type":"if","locations":[{"start":{"line":8,"column":2},"end":{"line":13,"column":3}},{"start":{},"end":{}}],"line":8},"2":{"loc":{"start":{"line":8,"column":6},"end":{"line":8,"column":50}},"type":"binary-expr","locations":[{"start":{"line":8,"column":6},"end":{"line":8,"column":12}},{"start":{"line":8,"column":16},"end":{"line":8,"column":50}}],"line":8}},"s":{"0":2,"1":2,"2":0,"3":0,"4":0,"5":0,"6":0,"7":2},"f":{"0":0},"b":{"0":[0,0],"1":[0,0],"2":[0,0]},"_coverageSchema":"1a1c01bbd47fc00a2c39e90264f33305004495a9","hash":"3d5eac2d63faebb7f3293c51ef254b0fcb154c6e"}
,"C:\\Users\\Aisyah Rahmasari\\nexus-it-platform\\backend\\src\\middleware\\upload.js": {"path":"C:\\Users\\Aisyah Rahmasari\\nexus-it-platform\\backend\\src\\middleware\\upload.js","statementMap":{"0":{"start":{"line":1,"column":15},"end":{"line":1,"column":32}},"1":{"start":{"line":2,"column":13},"end":{"line":2,"column":28}},"2":{"start":{"line":3,"column":11},"end":{"line":3,"column":24}},"3":{"start":{"line":6,"column":18},"end":{"line":6,"column":35}},"4":{"start":{"line":7,"column":0},"end":{"line":9,"column":1}},"5":{"start":{"line":8,"column":2},"end":{"line":8,"column":46}},"6":{"start":{"line":11,"column":16},"end":{"line":20,"column":2}},"7":{"start":{"line":13,"column":4},"end":{"line":13,"column":23}},"8":{"start":{"line":17,"column":25},"end":{"line":17,"column":75}},"9":{"start":{"line":18,"column":4},"end":{"line":18,"column":71}},"10":{"start":{"line":22,"column":19},"end":{"line":29,"column":1}},"11":{"start":{"line":23,"column":23},"end":{"line":23,"column":64}},"12":{"start":{"line":24,"column":2},"end":{"line":28,"column":3}},"13":{"start":{"line":25,"column":4},"end":{"line":25,"column":18}},"14":{"start":{"line":27,"column":4},"end":{"line":27,"column":76}},"15":{"start":{"line":31,"column":15},"end":{"line":35,"column":2}},"16":{"start":{"line":37,"column":0},"end":{"line":37,"column":23}}},"fnMap":{"0":{"name":"(anonymous_0)","decl":{"start":{"line":12,"column":15},"end":{"line":12,"column":16}},"loc":{"start":{"line":12,"column":34},"end":{"line":14,"column":3}},"line":12},"1":{"name":"(anonymous_1)","decl":{"start":{"line":15,"column":12},"end":{"line":15,"column":13}},"loc":{"start":{"line":15,"column":31},"end":{"line":19,"column":3}},"line":15},"2":{"name":"(anonymous_2)","decl":{"start":{"line":22,"column":19},"end":{"line":22,"column":20}},"loc":{"start":{"line":22,"column":38},"end":{"line":29,"column":1}},"line":22}},"branchMap":{"0":{"loc":{"start":{"line":7,"column":0},"end":{"line":9,"column":1}},"type":"if","locations":[{"start":{"line":7,"column":0},"end":{"line":9,"column":1}},{"start":{},"end":{}}],"line":7},"1":{"loc":{"start":{"line":24,"column":2},"end":{"line":28,"column":3}},"type":"if","locations":[{"start":{"line":24,"column":2},"end":{"line":28,"column":3}},{"start":{"line":26,"column":9},"end":{"line":28,"column":3}}],"line":24}},"s":{"0":2,"1":2,"2":2,"3":2,"4":2,"5":0,"6":2,"7":0,"8":0,"9":0,"10":2,"11":0,"12":0,"13":0,"14":0,"15":2,"16":2},"f":{"0":0,"1":0,"2":0},"b":{"0":[0,2],"1":[0,0]},"_coverageSchema":"1a1c01bbd47fc00a2c39e90264f33305004495a9","hash":"48d45d669afc243a56db93ac8b48dc4d25c0e942"}
,"C:\\Users\\Aisyah Rahmasari\\nexus-it-platform\\backend\\src\\middleware\\validator.js": {"path":"C:\\Users\\Aisyah Rahmasari\\nexus-it-platform\\backend\\src\\middleware\\validator.js","statementMap":{"0":{"start":{"line":2,"column":12},"end":{"line":2,"column":26}},"1":{"start":{"line":3,"column":26},"end":{"line":3,"column":54}},"2":{"start":{"line":6,"column":16},"end":{"line":51,"column":1}},"3":{"start":{"line":54,"column":17},"end":{"line":77,"column":1}},"4":{"start":{"line":55,"column":2},"end":{"line":76,"column":3}},"5":{"start":{"line":56,"column":19},"end":{"line":56,"column":38}},"6":{"start":{"line":58,"column":4},"end":{"line":60,"column":5}},"7":{"start":{"line":59,"column":6},"end":{"line":59,"column":19}},"8":{"start":{"line":62,"column":29},"end":{"line":64,"column":6}},"9":{"start":{"line":66,"column":4},"end":{"line":72,"column":5}},"10":{"start":{"line":67,"column":21},"end":{"line":70,"column":9}},"11":{"start":{"line":67,"column":50},"end":{"line":70,"column":7}},"12":{"start":{"line":71,"column":6},"end":{"line":71,"column":65}},"13":{"start":{"line":74,"column":4},"end":{"line":74,"column":20}},"14":{"start":{"line":75,"column":4},"end":{"line":75,"column":10}},"15":{"start":{"line":79,"column":0},"end":{"line":79,"column":29}}},"fnMap":{"0":{"name":"(anonymous_0)","decl":{"start":{"line":54,"column":17},"end":{"line":54,"column":18}},"loc":{"start":{"line":54,"column":33},"end":{"line":77,"column":1}},"line":54},"1":{"name":"(anonymous_1)","decl":{"start":{"line":55,"column":9},"end":{"line":55,"column":10}},"loc":{"start":{"line":55,"column":29},"end":{"line":76,"column":3}},"line":55},"2":{"name":"(anonymous_2)","decl":{"start":{"line":67,"column":39},"end":{"line":67,"column":40}},"loc":{"start":{"line":67,"column":50},"end":{"line":70,"column":7}},"line":67}},"branchMap":{"0":{"loc":{"start":{"line":58,"column":4},"end":{"line":60,"column":5}},"type":"if","locations":[{"start":{"line":58,"column":4},"end":{"line":60,"column":5}},{"start":{},"end":{}}],"line":58},"1":{"loc":{"start":{"line":66,"column":4},"end":{"line":72,"column":5}},"type":"if","locations":[{"start":{"line":66,"column":4},"end":{"line":72,"column":5}},{"start":{},"end":{}}],"line":66}},"s":{"0":2,"1":2,"2":2,"3":2,"4":2,"5":3,"6":3,"7":0,"8":3,"9":3,"10":0,"11":0,"12":0,"13":3,"14":3,"15":2},"f":{"0":2,"1":3,"2":0},"b":{"0":[0,3],"1":[0,3]},"_coverageSchema":"1a1c01bbd47fc00a2c39e90264f33305004495a9","hash":"566dd83f99b6c17a1d8c2872fcc386e9528fb779"}
,"C:\\Users\\Aisyah Rahmasari\\nexus-it-platform\\backend\\src\\routes\\asset.routes.js": {"path":"C:\\Users\\Aisyah Rahmasari\\nexus-it-platform\\backend\\src\\routes\\asset.routes.js","statementMap":{"0":{"start":{"line":2,"column":16},"end":{"line":2,"column":34}},"1":{"start":{"line":3,"column":15},"end":{"line":3,"column":31}},"2":{"start":{"line":4,"column":24},"end":{"line":4,"column":66}},"3":{"start":{"line":5,"column":25},"end":{"line":5,"column":54}},"4":{"start":{"line":6,"column":22},"end":{"line":6,"column":51}},"5":{"start":{"line":7,"column":15},"end":{"line":7,"column":46}},"6":{"start":{"line":10,"column":0},"end":{"line":10,"column":24}},"7":{"start":{"line":13,"column":0},"end":{"line":13,"column":51}},"8":{"start":{"line":16,"column":0},"end":{"line":16,"column":42}},"9":{"start":{"line":17,"column":0},"end":{"line":17,"column":48}},"10":{"start":{"line":18,"column":0},"end":{"line":18,"column":53}},"11":{"start":{"line":21,"column":0},"end":{"line":25,"column":1}},"12":{"start":{"line":27,"column":0},"end":{"line":31,"column":1}},"13":{"start":{"line":33,"column":0},"end":{"line":36,"column":1}},"14":{"start":{"line":38,"column":0},"end":{"line":38,"column":23}}},"fnMap":{},"branchMap":{},"s":{"0":2,"1":2,"2":2,"3":2,"4":2,"5":2,"6":2,"7":2,"8":2,"9":2,"10":2,"11":2,"12":2,"13":2,"14":2},"f":{},"b":{},"_coverageSchema":"1a1c01bbd47fc00a2c39e90264f33305004495a9","hash":"e0f68b632d507e003118fd669bed868efee578b6"}
,"C:\\Users\\Aisyah Rahmasari\\nexus-it-platform\\backend\\src\\routes\\auth.routes.js": {"path":"C:\\Users\\Aisyah Rahmasari\\nexus-it-platform\\backend\\src\\routes\\auth.routes.js","statementMap":{"0":{"start":{"line":1,"column":16},"end":{"line":1,"column":34}},"1":{"start":{"line":2,"column":15},"end":{"line":2,"column":31}},"2":{"start":{"line":7,"column":4},"end":{"line":7,"column":45}},"3":{"start":{"line":8,"column":25},"end":{"line":8,"column":54}},"4":{"start":{"line":9,"column":22},"end":{"line":9,"column":51}},"5":{"start":{"line":10,"column":21},"end":{"line":10,"column":55}},"6":{"start":{"line":11,"column":24},"end":{"line":11,"column":60}},"7":{"start":{"line":18,"column":0},"end":{"line":18,"column":60}},"8":{"start":{"line":25,"column":0},"end":{"line":25,"column":38}},"9":{"start":{"line":32,"column":0},"end":{"line":32,"column":67}},"10":{"start":{"line":34,"column":0},"end":{"line":34,"column":23}}},"fnMap":{},"branchMap":{},"s":{"0":2,"1":2,"2":2,"3":2,"4":2,"5":2,"6":2,"7":2,"8":2,"9":2,"10":2},"f":{},"b":{},"_coverageSchema":"1a1c01bbd47fc00a2c39e90264f33305004495a9","hash":"2e88723048e0fbaa68bd06acdd65bf9a37fc0e95"}
,"C:\\Users\\Aisyah Rahmasari\\nexus-it-platform\\backend\\src\\routes\\ticket.routes.js": {"path":"C:\\Users\\Aisyah Rahmasari\\nexus-it-platform\\backend\\src\\routes\\ticket.routes.js","statementMap":{"0":{"start":{"line":1,"column":16},"end":{"line":1,"column":34}},"1":{"start":{"line":2,"column":15},"end":{"line":2,"column":31}},"2":{"start":{"line":3,"column":25},"end":{"line":3,"column":68}},"3":{"start":{"line":4,"column":25},"end":{"line":4,"column":54}},"4":{"start":{"line":5,"column":22},"end":{"line":5,"column":51}},"5":{"start":{"line":6,"column":31},"end":{"line":6,"column":67}},"6":{"start":{"line":9,"column":25},"end":{"line":14,"column":1}},"7":{"start":{"line":10,"column":2},"end":{"line":12,"column":3}},"8":{"start":{"line":11,"column":4},"end":{"line":11,"column":45}},"9":{"start":{"line":13,"column":2},"end":{"line":13,"column":37}},"10":{"start":{"line":17,"column":0},"end":{"line":17,"column":61}},"11":{"start":{"line":20,"column":0},"end":{"line":20,"column":67}},"12":{"start":{"line":23,"column":0},"end":{"line":23,"column":71}},"13":{"start":{"line":26,"column":0},"end":{"line":26,"column":64}},"14":{"start":{"line":29,"column":0},"end":{"line":29,"column":65}},"15":{"start":{"line":32,"column":0},"end":{"line":32,"column":78}},"16":{"start":{"line":35,"column":0},"end":{"line":39,"column":1}},"17":{"start":{"line":42,"column":0},"end":{"line":42,"column":75}},"18":{"start":{"line":45,"column":0},"end":{"line":45,"column":75}},"19":{"start":{"line":47,"column":0},"end":{"line":47,"column":23}}},"fnMap":{"0":{"name":"(anonymous_0)","decl":{"start":{"line":9,"column":25},"end":{"line":9,"column":26}},"loc":{"start":{"line":9,"column":45},"end":{"line":14,"column":1}},"line":9}},"branchMap":{"0":{"loc":{"start":{"line":10,"column":2},"end":{"line":12,"column":3}},"type":"if","locations":[{"start":{"line":10,"column":2},"end":{"line":12,"column":3}},{"start":{},"end":{}}],"line":10}},"s":{"0":2,"1":2,"2":2,"3":2,"4":2,"5":2,"6":2,"7":1,"8":0,"9":1,"10":2,"11":2,"12":2,"13":2,"14":2,"15":2,"16":2,"17":2,"18":2,"19":2},"f":{"0":1},"b":{"0":[0,1]},"_coverageSchema":"1a1c01bbd47fc00a2c39e90264f33305004495a9","hash":"101c6a9f330cc9897555ebdc09de6e84cd42b032"}
,"C:\\Users\\Aisyah Rahmasari\\nexus-it-platform\\backend\\src\\routes\\user.routes.js": {"path":"C:\\Users\\Aisyah Rahmasari\\nexus-it-platform\\backend\\src\\routes\\user.routes.js","statementMap":{"0":{"start":{"line":1,"column":16},"end":{"line":1,"column":34}},"1":{"start":{"line":2,"column":15},"end":{"line":2,"column":31}},"2":{"start":{"line":5,"column":0},"end":{"line":5,"column":80}},"3":{"start":{"line":5,"column":37},"end":{"line":5,"column":79}},"4":{"start":{"line":7,"column":0},"end":{"line":7,"column":23}}},"fnMap":{"0":{"name":"(anonymous_0)","decl":{"start":{"line":5,"column":23},"end":{"line":5,"column":24}},"loc":{"start":{"line":5,"column":37},"end":{"line":5,"column":79}},"line":5}},"branchMap":{},"s":{"0":0,"1":0,"2":0,"3":0,"4":0},"f":{"0":0},"b":{}}
,"C:\\Users\\Aisyah Rahmasari\\nexus-it-platform\\backend\\src\\seeders\\adminSeeder.js": {"path":"C:\\Users\\Aisyah Rahmasari\\nexus-it-platform\\backend\\src\\seeders\\adminSeeder.js","statementMap":{"0":{"start":{"line":1,"column":13},"end":{"line":1,"column":38}},"1":{"start":{"line":2,"column":15},"end":{"line":2,"column":34}},"2":{"start":{"line":4,"column":18},"end":{"line":27,"column":1}},"3":{"start":{"line":5,"column":2},"end":{"line":26,"column":3}},"4":{"start":{"line":6,"column":23},"end":{"line":6,"column":40}},"5":{"start":{"line":8,"column":26},"end":{"line":8,"column":78}},"6":{"start":{"line":10,"column":4},"end":{"line":23,"column":5}},"7":{"start":{"line":11,"column":29},"end":{"line":11,"column":68}},"8":{"start":{"line":12,"column":6},"end":{"line":19,"column":9}},"9":{"start":{"line":20,"column":6},"end":{"line":20,"column":62}},"10":{"start":{"line":22,"column":6},"end":{"line":22,"column":55}},"11":{"start":{"line":25,"column":4},"end":{"line":25,"column":45}},"12":{"start":{"line":29,"column":0},"end":{"line":29,"column":27}}},"fnMap":{"0":{"name":"(anonymous_0)","decl":{"start":{"line":4,"column":18},"end":{"line":4,"column":19}},"loc":{"start":{"line":4,"column":30},"end":{"line":27,"column":1}},"line":4}},"branchMap":{"0":{"loc":{"start":{"line":10,"column":4},"end":{"line":23,"column":5}},"type":"if","locations":[{"start":{"line":10,"column":4},"end":{"line":23,"column":5}},{"start":{"line":21,"column":11},"end":{"line":23,"column":5}}],"line":10}},"s":{"0":0,"1":0,"2":0,"3":0,"4":0,"5":0,"6":0,"7":0,"8":0,"9":0,"10":0,"11":0,"12":0},"f":{"0":0},"b":{"0":[0,0]}}
,"C:\\Users\\Aisyah Rahmasari\\nexus-it-platform\\backend\\src\\services\\maintenance.service.js": {"path":"C:\\Users\\Aisyah Rahmasari\\nexus-it-platform\\backend\\src\\services\\maintenance.service.js","statementMap":{"0":{"start":{"line":1,"column":13},"end":{"line":1,"column":33}},"1":{"start":{"line":2,"column":25},"end":{"line":2,"column":57}},"2":{"start":{"line":3,"column":32},"end":{"line":3,"column":61}},"3":{"start":{"line":5,"column":17},"end":{"line":8,"column":1}},"4":{"start":{"line":14,"column":32},"end":{"line":70,"column":1}},"5":{"start":{"line":17,"column":2},"end":{"line":69,"column":4}},"6":{"start":{"line":18,"column":4},"end":{"line":18,"column":52}},"7":{"start":{"line":20,"column":4},"end":{"line":68,"column":5}},"8":{"start":{"line":21,"column":20},"end":{"line":21,"column":30}},"9":{"start":{"line":22,"column":23},"end":{"line":22,"column":33}},"10":{"start":{"line":23,"column":6},"end":{"line":23,"column":43}},"11":{"start":{"line":27,"column":45},"end":{"line":32,"column":31}},"12":{"start":{"line":34,"column":6},"end":{"line":34,"column":28}},"13":{"start":{"line":34,"column":17},"end":{"line":34,"column":28}},"14":{"start":{"line":36,"column":6},"end":{"line":48,"column":7}},"15":{"start":{"line":37,"column":8},"end":{"line":37,"column":94}},"16":{"start":{"line":39,"column":8},"end":{"line":47,"column":9}},"17":{"start":{"line":40,"column":22},"end":{"line":44,"column":66}},"18":{"start":{"line":46,"column":10},"end":{"line":46,"column":40}},"19":{"start":{"line":51,"column":38},"end":{"line":55,"column":31}},"20":{"start":{"line":57,"column":6},"end":{"line":64,"column":7}},"21":{"start":{"line":58,"column":8},"end":{"line":63,"column":9}},"22":{"start":{"line":60,"column":10},"end":{"line":60,"column":68}},"23":{"start":{"line":62,"column":10},"end":{"line":62,"column":141}},"24":{"start":{"line":67,"column":6},"end":{"line":67,"column":65}},"25":{"start":{"line":72,"column":0},"end":{"line":72,"column":44}}},"fnMap":{"0":{"name":"(anonymous_0)","decl":{"start":{"line":14,"column":32},"end":{"line":14,"column":33}},"loc":{"start":{"line":14,"column":38},"end":{"line":70,"column":1}},"line":14},"1":{"name":"(anonymous_1)","decl":{"start":{"line":17,"column":29},"end":{"line":17,"column":30}},"loc":{"start":{"line":17,"column":41},"end":{"line":69,"column":3}},"line":17}},"branchMap":{"0":{"loc":{"start":{"line":34,"column":6},"end":{"line":34,"column":28}},"type":"if","locations":[{"start":{"line":34,"column":6},"end":{"line":34,"column":28}},{"start":{},"end":{}}],"line":34},"1":{"loc":{"start":{"line":36,"column":6},"end":{"line":48,"column":7}},"type":"if","locations":[{"start":{"line":36,"column":6},"end":{"line":48,"column":7}},{"start":{},"end":{}}],"line":36},"2":{"loc":{"start":{"line":36,"column":10},"end":{"line":36,"column":51}},"type":"binary-expr","locations":[{"start":{"line":36,"column":10},"end":{"line":36,"column":23}},{"start":{"line":36,"column":27},"end":{"line":36,"column":51}}],"line":36},"3":{"loc":{"start":{"line":57,"column":6},"end":{"line":64,"column":7}},"type":"if","locations":[{"start":{"line":57,"column":6},"end":{"line":64,"column":7}},{"start":{},"end":{}}],"line":57},"4":{"loc":{"start":{"line":57,"column":10},"end":{"line":57,"column":51}},"type":"binary-expr","locations":[{"start":{"line":57,"column":10},"end":{"line":57,"column":23}},{"start":{"line":57,"column":27},"end":{"line":57,"column":51}}],"line":57}},"s":{"0":0,"1":0,"2":0,"3":0,"4":0,"5":0,"6":0,"7":0,"8":0,"9":0,"10":0,"11":0,"12":0,"13":0,"14":0,"15":0,"16":0,"17":0,"18":0,"19":0,"20":0,"21":0,"22":0,"23":0,"24":0,"25":0},"f":{"0":0,"1":0},"b":{"0":[0,0],"1":[0,0],"2":[0,0],"3":[0,0],"4":[0,0]}}
,"C:\\Users\\Aisyah Rahmasari\\nexus-it-platform\\backend\\src\\services\\notification.service.js": {"path":"C:\\Users\\Aisyah Rahmasari\\nexus-it-platform\\backend\\src\\services\\notification.service.js","statementMap":{"0":{"start":{"line":4,"column":25},"end":{"line":7,"column":1}},"1":{"start":{"line":5,"column":2},"end":{"line":5,"column":61}},"2":{"start":{"line":9,"column":0},"end":{"line":9,"column":37}}},"fnMap":{"0":{"name":"(anonymous_0)","decl":{"start":{"line":4,"column":25},"end":{"line":4,"column":26}},"loc":{"start":{"line":4,"column":52},"end":{"line":7,"column":1}},"line":4}},"branchMap":{},"s":{"0":0,"1":0,"2":0},"f":{"0":0},"b":{}}
,"C:\\Users\\Aisyah Rahmasari\\nexus-it-platform\\backend\\src\\services\\sla.service.js": {"path":"C:\\Users\\Aisyah Rahmasari\\nexus-it-platform\\backend\\src\\services\\sla.service.js","statementMap":{"0":{"start":{"line":1,"column":13},"end":{"line":1,"column":33}},"1":{"start":{"line":2,"column":25},"end":{"line":2,"column":57}},"2":{"start":{"line":4,"column":17},"end":{"line":7,"column":1}},"3":{"start":{"line":13,"column":24},"end":{"line":49,"column":1}},"4":{"start":{"line":14,"column":2},"end":{"line":14,"column":42}},"5":{"start":{"line":17,"column":2},"end":{"line":48,"column":4}},"6":{"start":{"line":18,"column":4},"end":{"line":47,"column":5}},"7":{"start":{"line":19,"column":18},"end":{"line":19,"column":42}},"8":{"start":{"line":22,"column":58},"end":{"line":26,"column":63}},"9":{"start":{"line":28,"column":6},"end":{"line":28,"column":38}},"10":{"start":{"line":28,"column":22},"end":{"line":28,"column":38}},"11":{"start":{"line":30,"column":6},"end":{"line":43,"column":7}},"12":{"start":{"line":31,"column":8},"end":{"line":31,"column":96}},"13":{"start":{"line":34,"column":20},"end":{"line":34,"column":49}},"14":{"start":{"line":34,"column":44},"end":{"line":34,"column":48}},"15":{"start":{"line":35,"column":39},"end":{"line":38,"column":24}},"16":{"start":{"line":40,"column":8},"end":{"line":40,"column":42}},"17":{"start":{"line":40,"column":25},"end":{"line":40,"column":42}},"18":{"start":{"line":42,"column":8},"end":{"line":42,"column":81}},"19":{"start":{"line":46,"column":6},"end":{"line":46,"column":58}},"20":{"start":{"line":51,"column":0},"end":{"line":51,"column":36}}},"fnMap":{"0":{"name":"(anonymous_0)","decl":{"start":{"line":13,"column":24},"end":{"line":13,"column":25}},"loc":{"start":{"line":13,"column":30},"end":{"line":49,"column":1}},"line":13},"1":{"name":"(anonymous_1)","decl":{"start":{"line":17,"column":29},"end":{"line":17,"column":30}},"loc":{"start":{"line":17,"column":41},"end":{"line":48,"column":3}},"line":17},"2":{"name":"(anonymous_2)","decl":{"start":{"line":34,"column":39},"end":{"line":34,"column":40}},"loc":{"start":{"line":34,"column":44},"end":{"line":34,"column":48}},"line":34}},"branchMap":{"0":{"loc":{"start":{"line":28,"column":6},"end":{"line":28,"column":38}},"type":"if","locations":[{"start":{"line":28,"column":6},"end":{"line":28,"column":38}},{"start":{},"end":{}}],"line":28},"1":{"loc":{"start":{"line":30,"column":6},"end":{"line":43,"column":7}},"type":"if","locations":[{"start":{"line":30,"column":6},"end":{"line":43,"column":7}},{"start":{},"end":{}}],"line":30},"2":{"loc":{"start":{"line":30,"column":10},"end":{"line":30,"column":53}},"type":"binary-expr","locations":[{"start":{"line":30,"column":10},"end":{"line":30,"column":24}},{"start":{"line":30,"column":28},"end":{"line":30,"column":53}}],"line":30},"3":{"loc":{"start":{"line":40,"column":8},"end":{"line":40,"column":42}},"type":"if","locations":[{"start":{"line":40,"column":8},"end":{"line":40,"column":42}},{"start":{},"end":{}}],"line":40}},"s":{"0":0,"1":0,"2":0,"3":0,"4":0,"5":0,"6":0,"7":0,"8":0,"9":0,"10":0,"11":0,"12":0,"13":0,"14":0,"15":0,"16":0,"17":0,"18":0,"19":0,"20":0},"f":{"0":0,"1":0,"2":0},"b":{"0":[0,0],"1":[0,0],"2":[0,0],"3":[0,0]}}
,"C:\\Users\\Aisyah Rahmasari\\nexus-it-platform\\backend\\src\\services\\telegram.service.js": {"path":"C:\\Users\\Aisyah Rahmasari\\nexus-it-platform\\backend\\src\\services\\telegram.service.js","statementMap":{"0":{"start":{"line":5,"column":28},"end":{"line":35,"column":1}},"1":{"start":{"line":6,"column":16},"end":{"line":6,"column":46}},"2":{"start":{"line":7,"column":17},"end":{"line":7,"column":45}},"3":{"start":{"line":9,"column":2},"end":{"line":12,"column":3}},"4":{"start":{"line":10,"column":4},"end":{"line":10,"column":64}},"5":{"start":{"line":11,"column":4},"end":{"line":11,"column":10}},"6":{"start":{"line":14,"column":2},"end":{"line":34,"column":3}},"7":{"start":{"line":15,"column":16},"end":{"line":15,"column":66}},"8":{"start":{"line":16,"column":21},"end":{"line":24,"column":6}},"9":{"start":{"line":26,"column":19},"end":{"line":26,"column":40}},"10":{"start":{"line":27,"column":4},"end":{"line":29,"column":5}},"11":{"start":{"line":28,"column":6},"end":{"line":28,"column":41}},"12":{"start":{"line":31,"column":4},"end":{"line":31,"column":45}},"13":{"start":{"line":33,"column":4},"end":{"line":33,"column":55}},"14":{"start":{"line":37,"column":0},"end":{"line":37,"column":40}}},"fnMap":{"0":{"name":"(anonymous_0)","decl":{"start":{"line":5,"column":28},"end":{"line":5,"column":29}},"loc":{"start":{"line":5,"column":47},"end":{"line":35,"column":1}},"line":5}},"branchMap":{"0":{"loc":{"start":{"line":9,"column":2},"end":{"line":12,"column":3}},"type":"if","locations":[{"start":{"line":9,"column":2},"end":{"line":12,"column":3}},{"start":{},"end":{}}],"line":9},"1":{"loc":{"start":{"line":9,"column":6},"end":{"line":9,"column":23}},"type":"binary-expr","locations":[{"start":{"line":9,"column":6},"end":{"line":9,"column":12}},{"start":{"line":9,"column":16},"end":{"line":9,"column":23}}],"line":9},"2":{"loc":{"start":{"line":27,"column":4},"end":{"line":29,"column":5}},"type":"if","locations":[{"start":{"line":27,"column":4},"end":{"line":29,"column":5}},{"start":{},"end":{}}],"line":27}},"s":{"0":0,"1":0,"2":0,"3":0,"4":0,"5":0,"6":0,"7":0,"8":0,"9":0,"10":0,"11":0,"12":0,"13":0,"14":0},"f":{"0":0},"b":{"0":[0,0],"1":[0,0],"2":[0,0]}}
,"C:\\Users\\Aisyah Rahmasari\\nexus-it-platform\\backend\\src\\utils\\audit.js": {"path":"C:\\Users\\Aisyah Rahmasari\\nexus-it-platform\\backend\\src\\utils\\audit.js","statementMap":{"0":{"start":{"line":1,"column":25},"end":{"line":1,"column":57}},"1":{"start":{"line":3,"column":17},"end":{"line":6,"column":1}},"2":{"start":{"line":15,"column":23},"end":{"line":34,"column":1}},"3":{"start":{"line":16,"column":2},"end":{"line":33,"column":3}},"4":{"start":{"line":17,"column":22},"end":{"line":27,"column":8}},"5":{"start":{"line":29,"column":4},"end":{"line":29,"column":26}},"6":{"start":{"line":29,"column":15},"end":{"line":29,"column":26}},"7":{"start":{"line":30,"column":4},"end":{"line":30,"column":64}},"8":{"start":{"line":32,"column":4},"end":{"line":32,"column":49}},"9":{"start":{"line":36,"column":0},"end":{"line":36,"column":35}}},"fnMap":{"0":{"name":"(anonymous_0)","decl":{"start":{"line":15,"column":23},"end":{"line":15,"column":24}},"loc":{"start":{"line":15,"column":70},"end":{"line":34,"column":1}},"line":15}},"branchMap":{"0":{"loc":{"start":{"line":15,"column":54},"end":{"line":15,"column":65}},"type":"default-arg","locations":[{"start":{"line":15,"column":63},"end":{"line":15,"column":65}}],"line":15},"1":{"loc":{"start":{"line":29,"column":4},"end":{"line":29,"column":26}},"type":"if","locations":[{"start":{"line":29,"column":4},"end":{"line":29,"column":26}},{"start":{},"end":{}}],"line":29}},"s":{"0":2,"1":2,"2":2,"3":2,"4":2,"5":2,"6":0,"7":2,"8":0,"9":2},"f":{"0":2},"b":{"0":[0],"1":[0,2]},"_coverageSchema":"1a1c01bbd47fc00a2c39e90264f33305004495a9","hash":"241e261d29bf1599dc6a92c1fe80ccbb3d7908f1"}
,"C:\\Users\\Aisyah Rahmasari\\nexus-it-platform\\backend\\src\\utils\\logger.js": {"path":"C:\\Users\\Aisyah Rahmasari\\nexus-it-platform\\backend\\src\\utils\\logger.js","statementMap":{},"fnMap":{},"branchMap":{},"s":{},"f":{},"b":{}}
,"C:\\Users\\Aisyah Rahmasari\\nexus-it-platform\\backend\\src\\utils\\response.js": {"path":"C:\\Users\\Aisyah Rahmasari\\nexus-it-platform\\backend\\src\\utils\\response.js","statementMap":{"0":{"start":{"line":3,"column":24},"end":{"line":9,"column":1}},"1":{"start":{"line":4,"column":2},"end":{"line":8,"column":4}},"2":{"start":{"line":11,"column":22},"end":{"line":17,"column":1}},"3":{"start":{"line":12,"column":2},"end":{"line":16,"column":4}},"4":{"start":{"line":19,"column":0},"end":{"line":19,"column":51}}},"fnMap":{"0":{"name":"(anonymous_0)","decl":{"start":{"line":3,"column":24},"end":{"line":3,"column":25}},"loc":{"start":{"line":3,"column":78},"end":{"line":9,"column":1}},"line":3},"1":{"name":"(anonymous_1)","decl":{"start":{"line":11,"column":22},"end":{"line":11,"column":23}},"loc":{"start":{"line":11,"column":83},"end":{"line":17,"column":1}},"line":11}},"branchMap":{"0":{"loc":{"start":{"line":3,"column":36},"end":{"line":3,"column":55}},"type":"default-arg","locations":[{"start":{"line":3,"column":46},"end":{"line":3,"column":55}}],"line":3},"1":{"loc":{"start":{"line":3,"column":57},"end":{"line":3,"column":73}},"type":"default-arg","locations":[{"start":{"line":3,"column":70},"end":{"line":3,"column":73}}],"line":3},"2":{"loc":{"start":{"line":11,"column":28},"end":{"line":11,"column":45}},"type":"default-arg","locations":[{"start":{"line":11,"column":38},"end":{"line":11,"column":45}}],"line":11},"3":{"loc":{"start":{"line":11,"column":47},"end":{"line":11,"column":63}},"type":"default-arg","locations":[{"start":{"line":11,"column":60},"end":{"line":11,"column":63}}],"line":11},"4":{"loc":{"start":{"line":11,"column":65},"end":{"line":11,"column":78}},"type":"default-arg","locations":[{"start":{"line":11,"column":74},"end":{"line":11,"column":78}}],"line":11}},"s":{"0":2,"1":8,"2":2,"3":2,"4":2},"f":{"0":8,"1":2},"b":{"0":[4],"1":[7],"2":[0],"3":[0],"4":[2]},"_coverageSchema":"1a1c01bbd47fc00a2c39e90264f33305004495a9","hash":"53d402a0765915defd3bd6b482fd43300fa32496"}
}
