TN:
SF:src\config\database.js
FNF:0
FNH:0
DA:1,0
DA:3,0
DA:24,0
LF:3
LH:0
BRF:0
BRH:0
end_of_record
TN:
SF:src\config\email.js
FNF:0
FNH:0
LF:0
LH:0
BRF:0
BRH:0
end_of_record
TN:
SF:src\controllers\asset.controller.js
FN:16,(anonymous_0)
FN:40,(anonymous_1)
FN:87,(anonymous_2)
FN:124,(anonymous_3)
FN:151,(anonymous_4)
FN:186,(anonymous_5)
FN:193,(anonymous_6)
FN:194,(anonymous_7)
FN:195,(anonymous_8)
FN:207,(anonymous_9)
FN:247,(anonymous_10)
FNF:11
FNH:0
FNDA:0,(anonymous_0)
FNDA:0,(anonymous_1)
FNDA:0,(anonymous_2)
FNDA:0,(anonymous_3)
FNDA:0,(anonymous_4)
FNDA:0,(anonymous_5)
FNDA:0,(anonymous_6)
FNDA:0,(anonymous_7)
FNDA:0,(anonymous_8)
FNDA:0,(anonymous_9)
FNDA:0,(anonymous_10)
DA:1,2
DA:2,2
DA:3,2
DA:4,2
DA:5,2
DA:6,2
DA:8,2
DA:16,2
DA:17,0
DA:25,0
DA:26,0
DA:29,0
DA:33,0
DA:34,0
DA:40,2
DA:41,0
DA:42,0
DA:44,0
DA:45,0
DA:48,0
DA:50,0
DA:67,0
DA:70,0
DA:77,0
DA:79,0
DA:80,0
DA:87,2
DA:88,0
DA:89,0
DA:91,0
DA:98,0
DA:99,0
DA:100,0
DA:102,0
DA:103,0
DA:105,0
DA:109,0
DA:111,0
DA:120,0
DA:124,2
DA:125,0
DA:126,0
DA:129,0
DA:135,0
DA:136,0
DA:137,0
DA:141,0
DA:143,0
DA:144,0
DA:151,2
DA:152,0
DA:153,0
DA:154,0
DA:156,0
DA:157,0
DA:160,0
DA:167,0
DA:170,0
DA:177,0
DA:179,0
DA:186,2
DA:187,0
DA:188,0
DA:189,0
DA:191,0
DA:193,0
DA:194,0
DA:195,0
DA:198,0
DA:200,0
DA:207,2
DA:208,0
DA:209,0
DA:212,0
DA:218,0
DA:222,0
DA:223,0
DA:225,0
DA:234,0
DA:239,0
DA:240,0
DA:247,2
DA:248,0
DA:249,0
DA:252,0
DA:254,0
DA:259,0
DA:262,0
DA:263,0
DA:271,0
DA:273,0
DA:277,2
LF:92
LH:16
BRDA:25,0,0,0
BRDA:25,0,1,0
BRDA:33,1,0,0
BRDA:33,1,1,0
BRDA:44,2,0,0
BRDA:44,2,1,0
BRDA:44,3,0,0
BRDA:44,3,1,0
BRDA:60,4,0,0
BRDA:60,4,1,0
BRDA:62,5,0,0
BRDA:62,5,1,0
BRDA:67,6,0,0
BRDA:67,6,1,0
BRDA:89,7,0,0
BRDA:89,8,0,0
BRDA:98,9,0,0
BRDA:98,9,1,0
BRDA:99,10,0,0
BRDA:99,10,1,0
BRDA:100,11,0,0
BRDA:100,11,1,0
BRDA:109,12,0,0
BRDA:109,12,1,0
BRDA:135,13,0,0
BRDA:135,13,1,0
BRDA:135,14,0,0
BRDA:135,14,1,0
BRDA:156,15,0,0
BRDA:156,15,1,0
BRDA:167,16,0,0
BRDA:167,16,1,0
BRDA:189,17,0,0
BRDA:189,17,1,0
BRDA:218,18,0,0
BRDA:218,18,1,0
BRDA:218,19,0,0
BRDA:218,19,1,0
BRDA:222,20,0,0
BRDA:222,20,1,0
BRDA:259,21,0,0
BRDA:259,21,1,0
BRDA:262,22,0,0
BRDA:262,22,1,0
BRF:44
BRH:0
end_of_record
TN:
SF:src\controllers\auth.controller.js
FN:6,(anonymous_0)
FN:35,(anonymous_1)
FN:49,(anonymous_2)
FNF:3
FNH:2
FNDA:3,(anonymous_0)
FNDA:1,(anonymous_1)
FNDA:0,(anonymous_2)
DA:1,2
DA:2,2
DA:4,2
DA:6,2
DA:7,3
DA:8,3
DA:11,3
DA:16,3
DA:19,2
DA:25,2
DA:31,0
DA:35,2
DA:36,1
DA:37,1
DA:43,1
DA:45,0
DA:49,2
DA:50,0
DA:51,0
DA:56,0
DA:58,0
DA:60,0
DA:64,2
LF:23
LH:16
BRDA:16,0,0,1
BRDA:16,0,1,2
BRDA:27,1,0,2
BRDA:27,1,1,0
BRDA:56,2,0,0
BRDA:56,2,1,0
BRF:6
BRH:3
end_of_record
TN:
SF:src\controllers\report.controller.js
FN:12,(anonymous_0)
FN:25,(anonymous_1)
FN:52,(anonymous_2)
FN:65,(anonymous_3)
FNF:4
FNH:0
FNDA:0,(anonymous_0)
FNDA:0,(anonymous_1)
FNDA:0,(anonymous_2)
FNDA:0,(anonymous_3)
DA:1,2
DA:2,2
DA:4,2
DA:12,2
DA:13,0
DA:14,0
DA:19,0
DA:22,0
DA:25,0
DA:26,0
DA:34,0
DA:38,0
DA:39,0
DA:41,0
DA:44,0
DA:45,0
DA:52,2
DA:53,0
DA:54,0
DA:59,0
DA:62,0
DA:65,0
DA:66,0
DA:77,0
DA:81,0
DA:82,0
DA:84,0
DA:87,0
DA:88,0
DA:92,2
LF:30
LH:6
BRDA:19,0,0,0
BRDA:19,0,1,0
BRDA:59,1,0,0
BRDA:59,1,1,0
BRDA:70,2,0,0
BRDA:70,2,1,0
BRDA:71,3,0,0
BRDA:71,3,1,0
BRDA:72,4,0,0
BRDA:72,4,1,0
BRF:10
BRH:0
end_of_record
TN:
SF:src\controllers\ticket.controller.js
FN:13,(anonymous_0)
FN:26,(anonymous_1)
FN:41,(anonymous_2)
FN:96,(anonymous_3)
FN:121,(anonymous_4)
FN:143,(anonymous_5)
FN:196,(anonymous_6)
FN:250,(anonymous_7)
FN:278,(anonymous_8)
FN:303,(anonymous_9)
FN:337,(anonymous_10)
FNF:11
FNH:7
FNDA:1,(anonymous_0)
FNDA:1,(anonymous_1)
FNDA:1,(anonymous_2)
FNDA:1,(anonymous_3)
FNDA:0,(anonymous_4)
FNDA:1,(anonymous_5)
FNDA:1,(anonymous_6)
FNDA:0,(anonymous_7)
FNDA:0,(anonymous_8)
FNDA:0,(anonymous_9)
FNDA:1,(anonymous_10)
DA:1,2
DA:2,2
DA:3,2
DA:5,2
DA:13,2
DA:14,1
DA:15,1
DA:19,1
DA:20,1
DA:26,2
DA:27,1
DA:33,1
DA:34,1
DA:35,1
DA:41,2
DA:42,1
DA:46,1
DA:48,1
DA:57,1
DA:58,1
DA:59,1
DA:60,1
DA:63,1
DA:64,0
DA:68,1
DA:69,1
DA:71,1
DA:75,1
DA:77,1
DA:87,0
DA:88,0
DA:96,2
DA:97,1
DA:98,1
DA:99,1
DA:109,1
DA:110,0
DA:112,1
DA:114,0
DA:121,2
DA:122,0
DA:123,0
DA:132,0
DA:134,0
DA:136,0
DA:143,2
DA:144,1
DA:145,1
DA:148,1
DA:149,0
DA:153,1
DA:154,0
DA:157,1
DA:158,1
DA:160,1
DA:175,1
DA:178,1
DA:185,1
DA:187,0
DA:188,0
DA:196,2
DA:197,1
DA:198,1
DA:199,1
DA:201,1
DA:202,1
DA:203,0
DA:206,1
DA:208,1
DA:209,0
DA:212,1
DA:219,1
DA:222,1
DA:223,1
DA:232,1
DA:239,1
DA:243,0
DA:250,2
DA:251,0
DA:252,0
DA:253,0
DA:255,0
DA:266,0
DA:268,0
DA:271,0
DA:278,2
DA:279,0
DA:280,0
DA:282,0
DA:291,0
DA:293,0
DA:296,0
DA:303,2
DA:304,0
DA:305,0
DA:306,0
DA:308,0
DA:309,0
DA:312,0
DA:325,0
DA:327,0
DA:330,0
DA:337,2
DA:338,1
DA:339,1
DA:344,1
DA:349,1
DA:354,1
DA:360,1
DA:368,0
DA:372,2
LF:111
LH:71
BRDA:19,0,0,1
BRDA:19,0,1,0
BRDA:34,1,0,1
BRDA:34,1,1,0
BRDA:45,2,0,1
BRDA:45,3,0,1
BRDA:57,4,0,0
BRDA:57,4,1,1
BRDA:58,5,0,0
BRDA:58,5,1,1
BRDA:59,6,0,0
BRDA:59,6,1,1
BRDA:60,7,0,0
BRDA:60,7,1,1
BRDA:63,8,0,0
BRDA:63,8,1,1
BRDA:75,9,0,0
BRDA:75,9,1,1
BRDA:109,10,0,0
BRDA:109,10,1,1
BRDA:109,11,0,1
BRDA:109,11,1,1
BRDA:132,12,0,0
BRDA:132,12,1,0
BRDA:148,13,0,0
BRDA:148,13,1,1
BRDA:148,14,0,1
BRDA:148,14,1,1
BRDA:148,14,2,1
BRDA:148,14,3,1
BRDA:153,15,0,0
BRDA:153,15,1,1
BRDA:175,16,0,0
BRDA:175,16,1,1
BRDA:202,17,0,0
BRDA:202,17,1,1
BRDA:208,18,0,0
BRDA:208,18,1,1
BRDA:219,19,0,0
BRDA:219,19,1,1
BRDA:222,20,0,1
BRDA:222,20,1,0
BRDA:266,21,0,0
BRDA:266,21,1,0
BRDA:291,22,0,0
BRDA:291,22,1,0
BRDA:308,23,0,0
BRDA:308,23,1,0
BRDA:325,24,0,0
BRDA:325,24,1,0
BRDA:361,25,0,1
BRDA:361,25,1,0
BRDA:362,26,0,1
BRDA:362,26,1,0
BRDA:363,27,0,1
BRDA:363,27,1,1
BRDA:364,28,0,1
BRDA:364,28,1,1
BRF:58
BRH:30
end_of_record
TN:
SF:src\controllers\user.controller.js
FNF:0
FNH:0
LF:0
LH:0
BRF:0
BRH:0
end_of_record
TN:
SF:src\middleware\auth.js
FN:10,(anonymous_0)
FNF:1
FNH:1
FNDA:7,(anonymous_0)
DA:2,2
DA:3,2
DA:5,2
DA:10,2
DA:11,7
DA:12,7
DA:13,7
DA:14,1
DA:17,6
DA:20,6
DA:22,6
DA:23,0
DA:27,6
DA:33,6
DA:34,6
DA:37,0
DA:38,0
DA:42,2
LF:18
LH:15
BRDA:13,0,0,1
BRDA:13,0,1,6
BRDA:22,1,0,0
BRDA:22,1,1,6
BRDA:22,2,0,6
BRDA:22,2,1,6
BRDA:33,3,0,6
BRDA:33,3,1,0
BRF:8
BRH:6
end_of_record
TN:
SF:src\middleware\rateLimiter.js
FNF:0
FNH:0
DA:2,2
DA:5,2
DA:15,2
DA:25,2
LF:4
LH:4
BRF:0
BRH:0
end_of_record
TN:
SF:src\middleware\rbac.js
FN:4,(anonymous_0)
FN:5,(anonymous_1)
FNF:2
FNH:1
FNDA:10,(anonymous_0)
FNDA:0,(anonymous_1)
DA:2,2
DA:4,2
DA:5,10
DA:6,0
DA:7,0
DA:10,0
DA:11,0
DA:14,0
DA:18,2
LF:9
LH:4
BRDA:6,0,0,0
BRDA:6,0,1,0
BRDA:10,1,0,0
BRDA:10,1,1,0
BRF:4
BRH:0
end_of_record
TN:
SF:src\middleware\system.auth.js
FN:4,(anonymous_0)
FNF:1
FNH:0
FNDA:0,(anonymous_0)
DA:2,2
DA:4,2
DA:5,0
DA:8,0
DA:9,0
DA:16,0
DA:23,0
DA:26,2
LF:8
LH:3
BRDA:5,0,0,0
BRDA:5,0,1,0
BRDA:8,1,0,0
BRDA:8,1,1,0
BRDA:8,2,0,0
BRDA:8,2,1,0
BRF:6
BRH:0
end_of_record
TN:
SF:src\middleware\upload.js
FN:12,(anonymous_0)
FN:15,(anonymous_1)
FN:22,(anonymous_2)
FNF:3
FNH:0
FNDA:0,(anonymous_0)
FNDA:0,(anonymous_1)
FNDA:0,(anonymous_2)
DA:1,2
DA:2,2
DA:3,2
DA:6,2
DA:7,2
DA:8,0
DA:11,2
DA:13,0
DA:17,0
DA:18,0
DA:22,2
DA:23,0
DA:24,0
DA:25,0
DA:27,0
DA:31,2
DA:37,2
LF:17
LH:9
BRDA:7,0,0,0
BRDA:7,0,1,2
BRDA:24,1,0,0
BRDA:24,1,1,0
BRF:4
BRH:1
end_of_record
TN:
SF:src\middleware\validator.js
FN:54,(anonymous_0)
FN:55,(anonymous_1)
FN:67,(anonymous_2)
FNF:3
FNH:2
FNDA:2,(anonymous_0)
FNDA:3,(anonymous_1)
FNDA:0,(anonymous_2)
DA:2,2
DA:3,2
DA:6,2
DA:54,2
DA:55,2
DA:56,3
DA:58,3
DA:59,0
DA:62,3
DA:66,3
DA:67,0
DA:71,0
DA:74,3
DA:75,3
DA:79,2
LF:15
LH:12
BRDA:58,0,0,0
BRDA:58,0,1,3
BRDA:66,1,0,0
BRDA:66,1,1,3
BRF:4
BRH:2
end_of_record
TN:
SF:src\routes\asset.routes.js
FNF:0
FNH:0
DA:2,2
DA:3,2
DA:4,2
DA:5,2
DA:6,2
DA:7,2
DA:10,2
DA:13,2
DA:16,2
DA:17,2
DA:18,2
DA:21,2
DA:27,2
DA:33,2
DA:38,2
LF:15
LH:15
BRF:0
BRH:0
end_of_record
TN:
SF:src\routes\auth.routes.js
FNF:0
FNH:0
DA:1,2
DA:2,2
DA:7,2
DA:8,2
DA:9,2
DA:10,2
DA:11,2
DA:18,2
DA:25,2
DA:32,2
DA:34,2
LF:11
LH:11
BRF:0
BRH:0
end_of_record
TN:
SF:src\routes\ticket.routes.js
FN:9,(anonymous_0)
FNF:1
FNH:1
FNDA:1,(anonymous_0)
DA:1,2
DA:2,2
DA:3,2
DA:4,2
DA:5,2
DA:6,2
DA:9,2
DA:10,1
DA:11,0
DA:13,1
DA:17,2
DA:20,2
DA:23,2
DA:26,2
DA:29,2
DA:32,2
DA:35,2
DA:42,2
DA:45,2
DA:47,2
LF:20
LH:19
BRDA:10,0,0,0
BRDA:10,0,1,1
BRF:2
BRH:1
end_of_record
TN:
SF:src\routes\user.routes.js
FN:5,(anonymous_0)
FNF:1
FNH:0
FNDA:0,(anonymous_0)
DA:1,0
DA:2,0
DA:5,0
DA:7,0
LF:4
LH:0
BRF:0
BRH:0
end_of_record
TN:
SF:src\seeders\adminSeeder.js
FN:4,(anonymous_0)
FNF:1
FNH:0
FNDA:0,(anonymous_0)
DA:1,0
DA:2,0
DA:4,0
DA:5,0
DA:6,0
DA:8,0
DA:10,0
DA:11,0
DA:12,0
DA:20,0
DA:22,0
DA:25,0
DA:29,0
LF:13
LH:0
BRDA:10,0,0,0
BRDA:10,0,1,0
BRF:2
BRH:0
end_of_record
TN:
SF:src\services\maintenance.service.js
FN:14,(anonymous_0)
FN:17,(anonymous_1)
FNF:2
FNH:0
FNDA:0,(anonymous_0)
FNDA:0,(anonymous_1)
DA:1,0
DA:2,0
DA:3,0
DA:5,0
DA:14,0
DA:17,0
DA:18,0
DA:20,0
DA:21,0
DA:22,0
DA:23,0
DA:27,0
DA:34,0
DA:36,0
DA:37,0
DA:39,0
DA:40,0
DA:46,0
DA:51,0
DA:57,0
DA:58,0
DA:60,0
DA:62,0
DA:67,0
DA:72,0
LF:25
LH:0
BRDA:34,0,0,0
BRDA:34,0,1,0
BRDA:36,1,0,0
BRDA:36,1,1,0
BRDA:36,2,0,0
BRDA:36,2,1,0
BRDA:57,3,0,0
BRDA:57,3,1,0
BRDA:57,4,0,0
BRDA:57,4,1,0
BRF:10
BRH:0
end_of_record
TN:
SF:src\services\notification.service.js
FN:4,(anonymous_0)
FNF:1
FNH:0
FNDA:0,(anonymous_0)
DA:4,0
DA:5,0
DA:9,0
LF:3
LH:0
BRF:0
BRH:0
end_of_record
TN:
SF:src\services\sla.service.js
FN:13,(anonymous_0)
FN:17,(anonymous_1)
FN:34,(anonymous_2)
FNF:3
FNH:0
FNDA:0,(anonymous_0)
FNDA:0,(anonymous_1)
FNDA:0,(anonymous_2)
DA:1,0
DA:2,0
DA:4,0
DA:13,0
DA:14,0
DA:17,0
DA:18,0
DA:19,0
DA:22,0
DA:28,0
DA:30,0
DA:31,0
DA:34,0
DA:35,0
DA:40,0
DA:42,0
DA:46,0
DA:51,0
LF:18
LH:0
BRDA:28,0,0,0
BRDA:28,0,1,0
BRDA:30,1,0,0
BRDA:30,1,1,0
BRDA:30,2,0,0
BRDA:30,2,1,0
BRDA:40,3,0,0
BRDA:40,3,1,0
BRF:8
BRH:0
end_of_record
TN:
SF:src\services\telegram.service.js
FN:5,(anonymous_0)
FNF:1
FNH:0
FNDA:0,(anonymous_0)
DA:5,0
DA:6,0
DA:7,0
DA:9,0
DA:10,0
DA:11,0
DA:14,0
DA:15,0
DA:16,0
DA:26,0
DA:27,0
DA:28,0
DA:31,0
DA:33,0
DA:37,0
LF:15
LH:0
BRDA:9,0,0,0
BRDA:9,0,1,0
BRDA:9,1,0,0
BRDA:9,1,1,0
BRDA:27,2,0,0
BRDA:27,2,1,0
BRF:6
BRH:0
end_of_record
TN:
SF:src\utils\audit.js
FN:15,(anonymous_0)
FNF:1
FNH:1
FNDA:2,(anonymous_0)
DA:1,2
DA:3,2
DA:15,2
DA:16,2
DA:17,2
DA:29,2
DA:30,2
DA:32,0
DA:36,2
LF:9
LH:8
BRDA:15,0,0,0
BRDA:29,1,0,0
BRDA:29,1,1,2
BRF:3
BRH:1
end_of_record
TN:
SF:src\utils\logger.js
FNF:0
FNH:0
LF:0
LH:0
BRF:0
BRH:0
end_of_record
TN:
SF:src\utils\response.js
FN:3,(anonymous_0)
FN:11,(anonymous_1)
FNF:2
FNH:2
FNDA:8,(anonymous_0)
FNDA:2,(anonymous_1)
DA:3,2
DA:4,8
DA:11,2
DA:12,2
DA:19,2
LF:5
LH:5
BRDA:3,0,0,4
BRDA:3,1,0,7
BRDA:11,2,0,0
BRDA:11,3,0,0
BRDA:11,4,0,2
BRF:5
BRH:3
end_of_record
